{"C:\\Projects\\cobly\\backend\\src\\app.ts": {"path":"C:\\Projects\\cobly\\backend\\src\\app.ts","statementMap":{"0":{"start":{"line":1,"column":0},"end":{"line":1,"column":30}},"1":{"start":{"line":2,"column":0},"end":{"line":2,"column":28}},"2":{"start":{"line":3,"column":0},"end":{"line":3,"column":24}},"3":{"start":{"line":4,"column":0},"end":{"line":4,"column":43}},"4":{"start":{"line":5,"column":0},"end":{"line":5,"column":52}},"5":{"start":{"line":6,"column":0},"end":{"line":6,"column":57}},"6":{"start":{"line":7,"column":0},"end":{"line":7,"column":63}},"7":{"start":{"line":8,"column":0},"end":{"line":8,"column":33}},"8":{"start":{"line":9,"column":0},"end":{"line":9,"column":34}},"9":{"start":{"line":11,"column":12},"end":{"line":11,"column":21}},"10":{"start":{"line":14,"column":0},"end":{"line":16,"column":1}},"11":{"start":{"line":15,"column":2},"end":{"line":15,"column":28}},"12":{"start":{"line":19,"column":0},"end":{"line":19,"column":18}},"13":{"start":{"line":22,"column":20},"end":{"line":25,"column":2}},"14":{"start":{"line":26,"column":0},"end":{"line":26,"column":27}},"15":{"start":{"line":29,"column":19},"end":{"line":35,"column":2}},"16":{"start":{"line":38,"column":0},"end":{"line":38,"column":28}},"17":{"start":{"line":41,"column":0},"end":{"line":41,"column":23}},"18":{"start":{"line":44,"column":0},"end":{"line":44,"column":42}},"19":{"start":{"line":47,"column":0},"end":{"line":47,"column":27}},"20":{"start":{"line":50,"column":0},"end":{"line":50,"column":25}},"21":{"start":{"line":53,"column":0},"end":{"line":53,"column":22}},"22":{"start":{"line":55,"column":0},"end":{"line":55,"column":19}}},"fnMap":{},"branchMap":{"0":{"loc":{"start":{"line":14,"column":0},"end":{"line":16,"column":1}},"type":"if","locations":[{"start":{"line":14,"column":0},"end":{"line":16,"column":1}},{"start":{},"end":{}}]},"1":{"loc":{"start":{"line":23,"column":10},"end":{"line":23,"column":68}},"type":"cond-expr","locations":[{"start":{"line":23,"column":44},"end":{"line":23,"column":62}},{"start":{"line":23,"column":65},"end":{"line":23,"column":68}}]},"2":{"loc":{"start":{"line":31,"column":7},"end":{"line":31,"column":46}},"type":"cond-expr","locations":[{"start":{"line":31,"column":35},"end":{"line":31,"column":40}},{"start":{"line":31,"column":43},"end":{"line":31,"column":46}}]}},"s":{"0":1,"1":1,"2":1,"3":1,"4":1,"5":1,"6":1,"7":1,"8":1,"9":1,"10":1,"11":0,"12":1,"13":1,"14":1,"15":1,"16":1,"17":1,"18":1,"19":1,"20":1,"21":1,"22":1},"f":{},"b":{"0":[0,1],"1":[0,1],"2":[1,0]}}
,"C:\\Projects\\cobly\\backend\\src\\controllers\\activityController.ts": {"path":"C:\\Projects\\cobly\\backend\\src\\controllers\\activityController.ts","statementMap":{"0":{"start":{"line":2,"column":0},"end":{"line":2,"column":62}},"1":{"start":{"line":6,"column":4},"end":{"line":9,"column":5}},"2":{"start":{"line":7,"column":6},"end":{"line":7,"column":74}},"3":{"start":{"line":8,"column":6},"end":{"line":8,"column":13}},"4":{"start":{"line":10,"column":4},"end":{"line":13,"column":5}},"5":{"start":{"line":11,"column":6},"end":{"line":11,"column":90}},"6":{"start":{"line":12,"column":6},"end":{"line":12,"column":13}},"7":{"start":{"line":14,"column":4},"end":{"line":14,"column":16}},"8":{"start":{"line":18,"column":4},"end":{"line":24,"column":5}},"9":{"start":{"line":19,"column":26},"end":{"line":19,"column":58}},"10":{"start":{"line":20,"column":25},"end":{"line":20,"column":94}},"11":{"start":{"line":21,"column":6},"end":{"line":21,"column":43}},"12":{"start":{"line":23,"column":6},"end":{"line":23,"column":62}},"13":{"start":{"line":4,"column":0},"end":{"line":4,"column":13}}},"fnMap":{"0":{"name":"(anonymous_0)","decl":{"start":{"line":5,"column":10},"end":{"line":5,"column":16}},"loc":{"start":{"line":5,"column":85},"end":{"line":15,"column":3}}},"1":{"name":"(anonymous_1)","decl":{"start":{"line":17,"column":2},"end":{"line":17,"column":8}},"loc":{"start":{"line":17,"column":67},"end":{"line":25,"column":3}}}},"branchMap":{"0":{"loc":{"start":{"line":6,"column":4},"end":{"line":9,"column":5}},"type":"if","locations":[{"start":{"line":6,"column":4},"end":{"line":9,"column":5}},{"start":{},"end":{}}]},"1":{"loc":{"start":{"line":6,"column":8},"end":{"line":6,"column":73}},"type":"binary-expr","locations":[{"start":{"line":6,"column":8},"end":{"line":6,"column":30}},{"start":{"line":6,"column":34},"end":{"line":6,"column":73}}]},"2":{"loc":{"start":{"line":10,"column":4},"end":{"line":13,"column":5}},"type":"if","locations":[{"start":{"line":10,"column":4},"end":{"line":13,"column":5}},{"start":{},"end":{}}]},"3":{"loc":{"start":{"line":10,"column":8},"end":{"line":10,"column":63}},"type":"binary-expr","locations":[{"start":{"line":10,"column":8},"end":{"line":10,"column":30}},{"start":{"line":10,"column":34},"end":{"line":10,"column":63}}]}},"s":{"0":10,"1":0,"2":0,"3":0,"4":0,"5":0,"6":0,"7":0,"8":1,"9":1,"10":1,"11":1,"12":0,"13":10},"f":{"0":0,"1":1},"b":{"0":[0,0],"1":[0,0],"2":[0,0],"3":[0,0]}}
,"C:\\Projects\\cobly\\backend\\src\\controllers\\authController.ts": {"path":"C:\\Projects\\cobly\\backend\\src\\controllers\\authController.ts","statementMap":{"0":{"start":{"line":2,"column":0},"end":{"line":2,"column":54}},"1":{"start":{"line":6,"column":4},"end":{"line":24,"column":5}},"2":{"start":{"line":7,"column":40},"end":{"line":7,"column":48}},"3":{"start":{"line":8,"column":19},"end":{"line":8,"column":72}},"4":{"start":{"line":10,"column":6},"end":{"line":17,"column":9}},"5":{"start":{"line":19,"column":6},"end":{"line":22,"column":7}},"6":{"start":{"line":20,"column":8},"end":{"line":20,"column":77}},"7":{"start":{"line":21,"column":8},"end":{"line":21,"column":15}},"8":{"start":{"line":23,"column":6},"end":{"line":23,"column":18}},"9":{"start":{"line":28,"column":4},"end":{"line":47,"column":5}},"10":{"start":{"line":29,"column":34},"end":{"line":29,"column":42}},"11":{"start":{"line":30,"column":30},"end":{"line":30,"column":74}},"12":{"start":{"line":32,"column":6},"end":{"line":40,"column":9}},"13":{"start":{"line":42,"column":6},"end":{"line":45,"column":7}},"14":{"start":{"line":43,"column":8},"end":{"line":43,"column":76}},"15":{"start":{"line":44,"column":8},"end":{"line":44,"column":15}},"16":{"start":{"line":46,"column":6},"end":{"line":46,"column":18}},"17":{"start":{"line":4,"column":0},"end":{"line":4,"column":13}}},"fnMap":{"0":{"name":"(anonymous_0)","decl":{"start":{"line":5,"column":2},"end":{"line":5,"column":8}},"loc":{"start":{"line":5,"column":71},"end":{"line":25,"column":3}}},"1":{"name":"(anonymous_1)","decl":{"start":{"line":27,"column":2},"end":{"line":27,"column":8}},"loc":{"start":{"line":27,"column":68},"end":{"line":48,"column":3}}}},"branchMap":{"0":{"loc":{"start":{"line":19,"column":6},"end":{"line":22,"column":7}},"type":"if","locations":[{"start":{"line":19,"column":6},"end":{"line":22,"column":7}},{"start":{},"end":{}}]},"1":{"loc":{"start":{"line":19,"column":10},"end":{"line":19,"column":71}},"type":"binary-expr","locations":[{"start":{"line":19,"column":10},"end":{"line":19,"column":32}},{"start":{"line":19,"column":36},"end":{"line":19,"column":71}}]},"2":{"loc":{"start":{"line":42,"column":6},"end":{"line":45,"column":7}},"type":"if","locations":[{"start":{"line":42,"column":6},"end":{"line":45,"column":7}},{"start":{},"end":{}}]},"3":{"loc":{"start":{"line":42,"column":10},"end":{"line":42,"column":75}},"type":"binary-expr","locations":[{"start":{"line":42,"column":10},"end":{"line":42,"column":32}},{"start":{"line":42,"column":36},"end":{"line":42,"column":75}}]}},"s":{"0":10,"1":68,"2":68,"3":68,"4":67,"5":1,"6":1,"7":1,"8":0,"9":69,"10":69,"11":69,"12":67,"13":2,"14":2,"15":2,"16":0,"17":10},"f":{"0":68,"1":69},"b":{"0":[1,0],"1":[1,1],"2":[2,0],"3":[2,2]}}
,"C:\\Projects\\cobly\\backend\\src\\controllers\\commentController.ts": {"path":"C:\\Projects\\cobly\\backend\\src\\controllers\\commentController.ts","statementMap":{"0":{"start":{"line":2,"column":0},"end":{"line":2,"column":60}},"1":{"start":{"line":6,"column":4},"end":{"line":9,"column":5}},"2":{"start":{"line":7,"column":6},"end":{"line":7,"column":74}},"3":{"start":{"line":8,"column":6},"end":{"line":8,"column":13}},"4":{"start":{"line":10,"column":4},"end":{"line":13,"column":5}},"5":{"start":{"line":11,"column":6},"end":{"line":11,"column":72}},"6":{"start":{"line":12,"column":6},"end":{"line":12,"column":13}},"7":{"start":{"line":14,"column":4},"end":{"line":17,"column":5}},"8":{"start":{"line":15,"column":6},"end":{"line":15,"column":75}},"9":{"start":{"line":16,"column":6},"end":{"line":16,"column":13}},"10":{"start":{"line":18,"column":4},"end":{"line":21,"column":5}},"11":{"start":{"line":19,"column":6},"end":{"line":19,"column":72}},"12":{"start":{"line":20,"column":6},"end":{"line":20,"column":13}},"13":{"start":{"line":22,"column":4},"end":{"line":25,"column":5}},"14":{"start":{"line":23,"column":6},"end":{"line":23,"column":90}},"15":{"start":{"line":24,"column":6},"end":{"line":24,"column":13}},"16":{"start":{"line":26,"column":4},"end":{"line":26,"column":16}},"17":{"start":{"line":30,"column":4},"end":{"line":42,"column":5}},"18":{"start":{"line":31,"column":26},"end":{"line":31,"column":58}},"19":{"start":{"line":32,"column":24},"end":{"line":32,"column":54}},"20":{"start":{"line":33,"column":27},"end":{"line":33,"column":60}},"21":{"start":{"line":34,"column":26},"end":{"line":34,"column":34}},"22":{"start":{"line":36,"column":22},"end":{"line":38,"column":8}},"23":{"start":{"line":39,"column":6},"end":{"line":39,"column":40}},"24":{"start":{"line":41,"column":6},"end":{"line":41,"column":61}},"25":{"start":{"line":46,"column":4},"end":{"line":55,"column":5}},"26":{"start":{"line":47,"column":26},"end":{"line":47,"column":58}},"27":{"start":{"line":48,"column":24},"end":{"line":48,"column":54}},"28":{"start":{"line":49,"column":27},"end":{"line":49,"column":60}},"29":{"start":{"line":51,"column":23},"end":{"line":51,"column":119}},"30":{"start":{"line":52,"column":6},"end":{"line":52,"column":41}},"31":{"start":{"line":54,"column":6},"end":{"line":54,"column":61}},"32":{"start":{"line":59,"column":4},"end":{"line":72,"column":5}},"33":{"start":{"line":60,"column":26},"end":{"line":60,"column":58}},"34":{"start":{"line":61,"column":24},"end":{"line":61,"column":54}},"35":{"start":{"line":62,"column":27},"end":{"line":62,"column":60}},"36":{"start":{"line":63,"column":24},"end":{"line":63,"column":54}},"37":{"start":{"line":64,"column":26},"end":{"line":64,"column":34}},"38":{"start":{"line":66,"column":22},"end":{"line":68,"column":8}},"39":{"start":{"line":69,"column":6},"end":{"line":69,"column":40}},"40":{"start":{"line":71,"column":6},"end":{"line":71,"column":61}},"41":{"start":{"line":76,"column":4},"end":{"line":86,"column":5}},"42":{"start":{"line":77,"column":26},"end":{"line":77,"column":58}},"43":{"start":{"line":78,"column":24},"end":{"line":78,"column":54}},"44":{"start":{"line":79,"column":27},"end":{"line":79,"column":60}},"45":{"start":{"line":80,"column":24},"end":{"line":80,"column":54}},"46":{"start":{"line":82,"column":6},"end":{"line":82,"column":104}},"47":{"start":{"line":83,"column":6},"end":{"line":83,"column":74}},"48":{"start":{"line":85,"column":6},"end":{"line":85,"column":61}},"49":{"start":{"line":4,"column":0},"end":{"line":4,"column":13}}},"fnMap":{"0":{"name":"(anonymous_0)","decl":{"start":{"line":5,"column":10},"end":{"line":5,"column":16}},"loc":{"start":{"line":5,"column":85},"end":{"line":27,"column":3}}},"1":{"name":"(anonymous_1)","decl":{"start":{"line":29,"column":2},"end":{"line":29,"column":8}},"loc":{"start":{"line":29,"column":69},"end":{"line":43,"column":3}}},"2":{"name":"(anonymous_2)","decl":{"start":{"line":45,"column":2},"end":{"line":45,"column":8}},"loc":{"start":{"line":45,"column":67},"end":{"line":56,"column":3}}},"3":{"name":"(anonymous_3)","decl":{"start":{"line":58,"column":2},"end":{"line":58,"column":8}},"loc":{"start":{"line":58,"column":69},"end":{"line":73,"column":3}}},"4":{"name":"(anonymous_4)","decl":{"start":{"line":75,"column":2},"end":{"line":75,"column":8}},"loc":{"start":{"line":75,"column":69},"end":{"line":87,"column":3}}}},"branchMap":{"0":{"loc":{"start":{"line":6,"column":4},"end":{"line":9,"column":5}},"type":"if","locations":[{"start":{"line":6,"column":4},"end":{"line":9,"column":5}},{"start":{},"end":{}}]},"1":{"loc":{"start":{"line":6,"column":8},"end":{"line":6,"column":73}},"type":"binary-expr","locations":[{"start":{"line":6,"column":8},"end":{"line":6,"column":30}},{"start":{"line":6,"column":34},"end":{"line":6,"column":73}}]},"2":{"loc":{"start":{"line":10,"column":4},"end":{"line":13,"column":5}},"type":"if","locations":[{"start":{"line":10,"column":4},"end":{"line":13,"column":5}},{"start":{},"end":{}}]},"3":{"loc":{"start":{"line":10,"column":8},"end":{"line":10,"column":71}},"type":"binary-expr","locations":[{"start":{"line":10,"column":8},"end":{"line":10,"column":30}},{"start":{"line":10,"column":34},"end":{"line":10,"column":71}}]},"4":{"loc":{"start":{"line":14,"column":4},"end":{"line":17,"column":5}},"type":"if","locations":[{"start":{"line":14,"column":4},"end":{"line":17,"column":5}},{"start":{},"end":{}}]},"5":{"loc":{"start":{"line":14,"column":8},"end":{"line":14,"column":74}},"type":"binary-expr","locations":[{"start":{"line":14,"column":8},"end":{"line":14,"column":30}},{"start":{"line":14,"column":34},"end":{"line":14,"column":74}}]},"6":{"loc":{"start":{"line":18,"column":4},"end":{"line":21,"column":5}},"type":"if","locations":[{"start":{"line":18,"column":4},"end":{"line":21,"column":5}},{"start":{},"end":{}}]},"7":{"loc":{"start":{"line":18,"column":8},"end":{"line":18,"column":71}},"type":"binary-expr","locations":[{"start":{"line":18,"column":8},"end":{"line":18,"column":30}},{"start":{"line":18,"column":34},"end":{"line":18,"column":71}}]},"8":{"loc":{"start":{"line":22,"column":4},"end":{"line":25,"column":5}},"type":"if","locations":[{"start":{"line":22,"column":4},"end":{"line":25,"column":5}},{"start":{},"end":{}}]},"9":{"loc":{"start":{"line":22,"column":8},"end":{"line":22,"column":63}},"type":"binary-expr","locations":[{"start":{"line":22,"column":8},"end":{"line":22,"column":30}},{"start":{"line":22,"column":34},"end":{"line":22,"column":63}}]}},"s":{"0":10,"1":1,"2":0,"3":0,"4":1,"5":0,"6":0,"7":1,"8":0,"9":0,"10":1,"11":0,"12":0,"13":1,"14":1,"15":1,"16":0,"17":2,"18":2,"19":2,"20":2,"21":2,"22":2,"23":1,"24":1,"25":0,"26":0,"27":0,"28":0,"29":0,"30":0,"31":0,"32":0,"33":0,"34":0,"35":0,"36":0,"37":0,"38":0,"39":0,"40":0,"41":0,"42":0,"43":0,"44":0,"45":0,"46":0,"47":0,"48":0,"49":10},"f":{"0":1,"1":2,"2":0,"3":0,"4":0},"b":{"0":[0,1],"1":[1,1],"2":[0,1],"3":[1,1],"4":[0,1],"5":[1,1],"6":[0,1],"7":[1,1],"8":[1,0],"9":[1,1]}}
,"C:\\Projects\\cobly\\backend\\src\\controllers\\discussionController.ts": {"path":"C:\\Projects\\cobly\\backend\\src\\controllers\\discussionController.ts","statementMap":{"0":{"start":{"line":2,"column":0},"end":{"line":2,"column":66}},"1":{"start":{"line":6,"column":4},"end":{"line":9,"column":5}},"2":{"start":{"line":7,"column":6},"end":{"line":7,"column":74}},"3":{"start":{"line":8,"column":6},"end":{"line":8,"column":13}},"4":{"start":{"line":10,"column":4},"end":{"line":13,"column":5}},"5":{"start":{"line":11,"column":6},"end":{"line":11,"column":72}},"6":{"start":{"line":12,"column":6},"end":{"line":12,"column":13}},"7":{"start":{"line":14,"column":4},"end":{"line":17,"column":5}},"8":{"start":{"line":15,"column":6},"end":{"line":15,"column":75}},"9":{"start":{"line":16,"column":6},"end":{"line":16,"column":13}},"10":{"start":{"line":18,"column":4},"end":{"line":21,"column":5}},"11":{"start":{"line":19,"column":6},"end":{"line":19,"column":90}},"12":{"start":{"line":20,"column":6},"end":{"line":20,"column":13}},"13":{"start":{"line":22,"column":4},"end":{"line":22,"column":16}},"14":{"start":{"line":26,"column":4},"end":{"line":37,"column":5}},"15":{"start":{"line":27,"column":26},"end":{"line":27,"column":58}},"16":{"start":{"line":28,"column":24},"end":{"line":28,"column":54}},"17":{"start":{"line":29,"column":33},"end":{"line":29,"column":41}},"18":{"start":{"line":31,"column":25},"end":{"line":33,"column":8}},"19":{"start":{"line":34,"column":6},"end":{"line":34,"column":43}},"20":{"start":{"line":36,"column":6},"end":{"line":36,"column":64}},"21":{"start":{"line":41,"column":4},"end":{"line":54,"column":5}},"22":{"start":{"line":42,"column":26},"end":{"line":42,"column":58}},"23":{"start":{"line":43,"column":24},"end":{"line":43,"column":54}},"24":{"start":{"line":45,"column":18},"end":{"line":45,"column":20}},"25":{"start":{"line":46,"column":6},"end":{"line":48,"column":7}},"26":{"start":{"line":47,"column":8},"end":{"line":47,"column":40}},"27":{"start":{"line":50,"column":26},"end":{"line":50,"column":118}},"28":{"start":{"line":51,"column":6},"end":{"line":51,"column":44}},"29":{"start":{"line":53,"column":6},"end":{"line":53,"column":64}},"30":{"start":{"line":58,"column":4},"end":{"line":67,"column":5}},"31":{"start":{"line":59,"column":26},"end":{"line":59,"column":58}},"32":{"start":{"line":60,"column":24},"end":{"line":60,"column":54}},"33":{"start":{"line":61,"column":27},"end":{"line":61,"column":60}},"34":{"start":{"line":63,"column":25},"end":{"line":63,"column":118}},"35":{"start":{"line":64,"column":6},"end":{"line":64,"column":43}},"36":{"start":{"line":66,"column":6},"end":{"line":66,"column":64}},"37":{"start":{"line":71,"column":4},"end":{"line":83,"column":5}},"38":{"start":{"line":72,"column":26},"end":{"line":72,"column":58}},"39":{"start":{"line":73,"column":24},"end":{"line":73,"column":54}},"40":{"start":{"line":74,"column":27},"end":{"line":74,"column":60}},"41":{"start":{"line":75,"column":33},"end":{"line":75,"column":41}},"42":{"start":{"line":77,"column":25},"end":{"line":79,"column":8}},"43":{"start":{"line":80,"column":6},"end":{"line":80,"column":43}},"44":{"start":{"line":82,"column":6},"end":{"line":82,"column":64}},"45":{"start":{"line":87,"column":4},"end":{"line":96,"column":5}},"46":{"start":{"line":88,"column":26},"end":{"line":88,"column":58}},"47":{"start":{"line":89,"column":24},"end":{"line":89,"column":54}},"48":{"start":{"line":90,"column":27},"end":{"line":90,"column":60}},"49":{"start":{"line":92,"column":6},"end":{"line":92,"column":99}},"50":{"start":{"line":93,"column":6},"end":{"line":93,"column":77}},"51":{"start":{"line":95,"column":6},"end":{"line":95,"column":64}},"52":{"start":{"line":4,"column":0},"end":{"line":4,"column":13}}},"fnMap":{"0":{"name":"(anonymous_0)","decl":{"start":{"line":5,"column":10},"end":{"line":5,"column":16}},"loc":{"start":{"line":5,"column":85},"end":{"line":23,"column":3}}},"1":{"name":"(anonymous_1)","decl":{"start":{"line":25,"column":2},"end":{"line":25,"column":8}},"loc":{"start":{"line":25,"column":69},"end":{"line":38,"column":3}}},"2":{"name":"(anonymous_2)","decl":{"start":{"line":40,"column":2},"end":{"line":40,"column":8}},"loc":{"start":{"line":40,"column":67},"end":{"line":55,"column":3}}},"3":{"name":"(anonymous_3)","decl":{"start":{"line":57,"column":2},"end":{"line":57,"column":8}},"loc":{"start":{"line":57,"column":70},"end":{"line":68,"column":3}}},"4":{"name":"(anonymous_4)","decl":{"start":{"line":70,"column":2},"end":{"line":70,"column":8}},"loc":{"start":{"line":70,"column":69},"end":{"line":84,"column":3}}},"5":{"name":"(anonymous_5)","decl":{"start":{"line":86,"column":2},"end":{"line":86,"column":8}},"loc":{"start":{"line":86,"column":69},"end":{"line":97,"column":3}}}},"branchMap":{"0":{"loc":{"start":{"line":6,"column":4},"end":{"line":9,"column":5}},"type":"if","locations":[{"start":{"line":6,"column":4},"end":{"line":9,"column":5}},{"start":{},"end":{}}]},"1":{"loc":{"start":{"line":6,"column":8},"end":{"line":6,"column":73}},"type":"binary-expr","locations":[{"start":{"line":6,"column":8},"end":{"line":6,"column":30}},{"start":{"line":6,"column":34},"end":{"line":6,"column":73}}]},"2":{"loc":{"start":{"line":10,"column":4},"end":{"line":13,"column":5}},"type":"if","locations":[{"start":{"line":10,"column":4},"end":{"line":13,"column":5}},{"start":{},"end":{}}]},"3":{"loc":{"start":{"line":10,"column":8},"end":{"line":10,"column":71}},"type":"binary-expr","locations":[{"start":{"line":10,"column":8},"end":{"line":10,"column":30}},{"start":{"line":10,"column":34},"end":{"line":10,"column":71}}]},"4":{"loc":{"start":{"line":14,"column":4},"end":{"line":17,"column":5}},"type":"if","locations":[{"start":{"line":14,"column":4},"end":{"line":17,"column":5}},{"start":{},"end":{}}]},"5":{"loc":{"start":{"line":14,"column":8},"end":{"line":14,"column":74}},"type":"binary-expr","locations":[{"start":{"line":14,"column":8},"end":{"line":14,"column":30}},{"start":{"line":14,"column":34},"end":{"line":14,"column":74}}]},"6":{"loc":{"start":{"line":18,"column":4},"end":{"line":21,"column":5}},"type":"if","locations":[{"start":{"line":18,"column":4},"end":{"line":21,"column":5}},{"start":{},"end":{}}]},"7":{"loc":{"start":{"line":18,"column":8},"end":{"line":18,"column":63}},"type":"binary-expr","locations":[{"start":{"line":18,"column":8},"end":{"line":18,"column":30}},{"start":{"line":18,"column":34},"end":{"line":18,"column":63}}]},"8":{"loc":{"start":{"line":46,"column":6},"end":{"line":48,"column":7}},"type":"if","locations":[{"start":{"line":46,"column":6},"end":{"line":48,"column":7}},{"start":{},"end":{}}]},"9":{"loc":{"start":{"line":46,"column":10},"end":{"line":46,"column":60}},"type":"binary-expr","locations":[{"start":{"line":46,"column":10},"end":{"line":46,"column":25}},{"start":{"line":46,"column":29},"end":{"line":46,"column":60}}]}},"s":{"0":10,"1":0,"2":0,"3":0,"4":0,"5":0,"6":0,"7":0,"8":0,"9":0,"10":0,"11":0,"12":0,"13":0,"14":2,"15":2,"16":2,"17":2,"18":2,"19":2,"20":0,"21":0,"22":0,"23":0,"24":0,"25":0,"26":0,"27":0,"28":0,"29":0,"30":0,"31":0,"32":0,"33":0,"34":0,"35":0,"36":0,"37":0,"38":0,"39":0,"40":0,"41":0,"42":0,"43":0,"44":0,"45":0,"46":0,"47":0,"48":0,"49":0,"50":0,"51":0,"52":10},"f":{"0":0,"1":2,"2":0,"3":0,"4":0,"5":0},"b":{"0":[0,0],"1":[0,0],"2":[0,0],"3":[0,0],"4":[0,0],"5":[0,0],"6":[0,0],"7":[0,0],"8":[0,0],"9":[0,0]}}
,"C:\\Projects\\cobly\\backend\\src\\controllers\\meetingController.ts": {"path":"C:\\Projects\\cobly\\backend\\src\\controllers\\meetingController.ts","statementMap":{"0":{"start":{"line":2,"column":0},"end":{"line":2,"column":60}},"1":{"start":{"line":6,"column":4},"end":{"line":9,"column":5}},"2":{"start":{"line":7,"column":6},"end":{"line":7,"column":74}},"3":{"start":{"line":8,"column":6},"end":{"line":8,"column":13}},"4":{"start":{"line":10,"column":4},"end":{"line":13,"column":5}},"5":{"start":{"line":11,"column":6},"end":{"line":11,"column":72}},"6":{"start":{"line":12,"column":6},"end":{"line":12,"column":13}},"7":{"start":{"line":14,"column":4},"end":{"line":17,"column":5}},"8":{"start":{"line":15,"column":6},"end":{"line":15,"column":72}},"9":{"start":{"line":16,"column":6},"end":{"line":16,"column":13}},"10":{"start":{"line":18,"column":4},"end":{"line":21,"column":5}},"11":{"start":{"line":19,"column":6},"end":{"line":19,"column":90}},"12":{"start":{"line":20,"column":6},"end":{"line":20,"column":13}},"13":{"start":{"line":22,"column":4},"end":{"line":25,"column":5}},"14":{"start":{"line":23,"column":6},"end":{"line":23,"column":88}},"15":{"start":{"line":24,"column":6},"end":{"line":24,"column":13}},"16":{"start":{"line":26,"column":4},"end":{"line":29,"column":5}},"17":{"start":{"line":27,"column":6},"end":{"line":27,"column":110}},"18":{"start":{"line":28,"column":6},"end":{"line":28,"column":13}},"19":{"start":{"line":30,"column":4},"end":{"line":30,"column":16}},"20":{"start":{"line":34,"column":4},"end":{"line":44,"column":5}},"21":{"start":{"line":35,"column":26},"end":{"line":35,"column":58}},"22":{"start":{"line":36,"column":92},"end":{"line":36,"column":100}},"23":{"start":{"line":38,"column":22},"end":{"line":40,"column":8}},"24":{"start":{"line":41,"column":6},"end":{"line":41,"column":40}},"25":{"start":{"line":43,"column":6},"end":{"line":43,"column":61}},"26":{"start":{"line":48,"column":4},"end":{"line":57,"column":5}},"27":{"start":{"line":49,"column":26},"end":{"line":49,"column":58}},"28":{"start":{"line":50,"column":21},"end":{"line":50,"column":59}},"29":{"start":{"line":51,"column":24},"end":{"line":51,"column":65}},"30":{"start":{"line":53,"column":23},"end":{"line":53,"column":105}},"31":{"start":{"line":54,"column":6},"end":{"line":54,"column":41}},"32":{"start":{"line":56,"column":6},"end":{"line":56,"column":61}},"33":{"start":{"line":61,"column":4},"end":{"line":69,"column":5}},"34":{"start":{"line":62,"column":26},"end":{"line":62,"column":58}},"35":{"start":{"line":63,"column":24},"end":{"line":63,"column":54}},"36":{"start":{"line":65,"column":22},"end":{"line":65,"column":95}},"37":{"start":{"line":66,"column":6},"end":{"line":66,"column":40}},"38":{"start":{"line":68,"column":6},"end":{"line":68,"column":61}},"39":{"start":{"line":73,"column":4},"end":{"line":84,"column":5}},"40":{"start":{"line":74,"column":26},"end":{"line":74,"column":58}},"41":{"start":{"line":75,"column":24},"end":{"line":75,"column":54}},"42":{"start":{"line":76,"column":100},"end":{"line":76,"column":108}},"43":{"start":{"line":78,"column":22},"end":{"line":80,"column":8}},"44":{"start":{"line":81,"column":6},"end":{"line":81,"column":40}},"45":{"start":{"line":83,"column":6},"end":{"line":83,"column":61}},"46":{"start":{"line":88,"column":4},"end":{"line":96,"column":5}},"47":{"start":{"line":89,"column":26},"end":{"line":89,"column":58}},"48":{"start":{"line":90,"column":24},"end":{"line":90,"column":54}},"49":{"start":{"line":92,"column":6},"end":{"line":92,"column":79}},"50":{"start":{"line":93,"column":6},"end":{"line":93,"column":74}},"51":{"start":{"line":95,"column":6},"end":{"line":95,"column":61}},"52":{"start":{"line":4,"column":0},"end":{"line":4,"column":13}}},"fnMap":{"0":{"name":"(anonymous_0)","decl":{"start":{"line":5,"column":10},"end":{"line":5,"column":16}},"loc":{"start":{"line":5,"column":85},"end":{"line":31,"column":3}}},"1":{"name":"(anonymous_1)","decl":{"start":{"line":33,"column":2},"end":{"line":33,"column":8}},"loc":{"start":{"line":33,"column":69},"end":{"line":45,"column":3}}},"2":{"name":"(anonymous_2)","decl":{"start":{"line":47,"column":2},"end":{"line":47,"column":8}},"loc":{"start":{"line":47,"column":67},"end":{"line":58,"column":3}}},"3":{"name":"(anonymous_3)","decl":{"start":{"line":60,"column":2},"end":{"line":60,"column":8}},"loc":{"start":{"line":60,"column":70},"end":{"line":70,"column":3}}},"4":{"name":"(anonymous_4)","decl":{"start":{"line":72,"column":2},"end":{"line":72,"column":8}},"loc":{"start":{"line":72,"column":69},"end":{"line":85,"column":3}}},"5":{"name":"(anonymous_5)","decl":{"start":{"line":87,"column":2},"end":{"line":87,"column":8}},"loc":{"start":{"line":87,"column":69},"end":{"line":97,"column":3}}}},"branchMap":{"0":{"loc":{"start":{"line":6,"column":4},"end":{"line":9,"column":5}},"type":"if","locations":[{"start":{"line":6,"column":4},"end":{"line":9,"column":5}},{"start":{},"end":{}}]},"1":{"loc":{"start":{"line":6,"column":8},"end":{"line":6,"column":73}},"type":"binary-expr","locations":[{"start":{"line":6,"column":8},"end":{"line":6,"column":30}},{"start":{"line":6,"column":34},"end":{"line":6,"column":73}}]},"2":{"loc":{"start":{"line":10,"column":4},"end":{"line":13,"column":5}},"type":"if","locations":[{"start":{"line":10,"column":4},"end":{"line":13,"column":5}},{"start":{},"end":{}}]},"3":{"loc":{"start":{"line":10,"column":8},"end":{"line":10,"column":71}},"type":"binary-expr","locations":[{"start":{"line":10,"column":8},"end":{"line":10,"column":30}},{"start":{"line":10,"column":34},"end":{"line":10,"column":71}}]},"4":{"loc":{"start":{"line":14,"column":4},"end":{"line":17,"column":5}},"type":"if","locations":[{"start":{"line":14,"column":4},"end":{"line":17,"column":5}},{"start":{},"end":{}}]},"5":{"loc":{"start":{"line":14,"column":8},"end":{"line":14,"column":71}},"type":"binary-expr","locations":[{"start":{"line":14,"column":8},"end":{"line":14,"column":30}},{"start":{"line":14,"column":34},"end":{"line":14,"column":71}}]},"6":{"loc":{"start":{"line":18,"column":4},"end":{"line":21,"column":5}},"type":"if","locations":[{"start":{"line":18,"column":4},"end":{"line":21,"column":5}},{"start":{},"end":{}}]},"7":{"loc":{"start":{"line":18,"column":8},"end":{"line":18,"column":63}},"type":"binary-expr","locations":[{"start":{"line":18,"column":8},"end":{"line":18,"column":30}},{"start":{"line":18,"column":34},"end":{"line":18,"column":63}}]},"8":{"loc":{"start":{"line":22,"column":4},"end":{"line":25,"column":5}},"type":"if","locations":[{"start":{"line":22,"column":4},"end":{"line":25,"column":5}},{"start":{},"end":{}}]},"9":{"loc":{"start":{"line":22,"column":8},"end":{"line":22,"column":66}},"type":"binary-expr","locations":[{"start":{"line":22,"column":8},"end":{"line":22,"column":30}},{"start":{"line":22,"column":34},"end":{"line":22,"column":66}}]},"10":{"loc":{"start":{"line":26,"column":4},"end":{"line":29,"column":5}},"type":"if","locations":[{"start":{"line":26,"column":4},"end":{"line":29,"column":5}},{"start":{},"end":{}}]},"11":{"loc":{"start":{"line":26,"column":8},"end":{"line":26,"column":70}},"type":"binary-expr","locations":[{"start":{"line":26,"column":8},"end":{"line":26,"column":30}},{"start":{"line":26,"column":34},"end":{"line":26,"column":70}}]}},"s":{"0":10,"1":2,"2":0,"3":0,"4":2,"5":0,"6":0,"7":2,"8":0,"9":0,"10":2,"11":0,"12":0,"13":2,"14":1,"15":1,"16":1,"17":1,"18":1,"19":0,"20":2,"21":2,"22":2,"23":2,"24":0,"25":2,"26":0,"27":0,"28":0,"29":0,"30":0,"31":0,"32":0,"33":0,"34":0,"35":0,"36":0,"37":0,"38":0,"39":0,"40":0,"41":0,"42":0,"43":0,"44":0,"45":0,"46":0,"47":0,"48":0,"49":0,"50":0,"51":0,"52":10},"f":{"0":2,"1":2,"2":0,"3":0,"4":0,"5":0},"b":{"0":[0,2],"1":[2,2],"2":[0,2],"3":[2,2],"4":[0,2],"5":[2,2],"6":[0,2],"7":[2,2],"8":[1,1],"9":[2,2],"10":[1,0],"11":[1,1]}}
,"C:\\Projects\\cobly\\backend\\src\\controllers\\notificationController.ts": {"path":"C:\\Projects\\cobly\\backend\\src\\controllers\\notificationController.ts","statementMap":{"0":{"start":{"line":2,"column":0},"end":{"line":2,"column":70}},"1":{"start":{"line":6,"column":4},"end":{"line":9,"column":5}},"2":{"start":{"line":7,"column":6},"end":{"line":7,"column":77}},"3":{"start":{"line":8,"column":6},"end":{"line":8,"column":13}},"4":{"start":{"line":10,"column":4},"end":{"line":10,"column":16}},"5":{"start":{"line":14,"column":4},"end":{"line":25,"column":5}},"6":{"start":{"line":15,"column":25},"end":{"line":15,"column":52}},"7":{"start":{"line":16,"column":18},"end":{"line":16,"column":20}},"8":{"start":{"line":17,"column":6},"end":{"line":19,"column":7}},"9":{"start":{"line":18,"column":8},"end":{"line":18,"column":40}},"10":{"start":{"line":21,"column":28},"end":{"line":21,"column":103}},"11":{"start":{"line":22,"column":6},"end":{"line":22,"column":46}},"12":{"start":{"line":24,"column":6},"end":{"line":24,"column":66}},"13":{"start":{"line":29,"column":4},"end":{"line":35,"column":5}},"14":{"start":{"line":30,"column":29},"end":{"line":30,"column":64}},"15":{"start":{"line":31,"column":27},"end":{"line":31,"column":93}},"16":{"start":{"line":32,"column":6},"end":{"line":32,"column":45}},"17":{"start":{"line":34,"column":6},"end":{"line":34,"column":66}},"18":{"start":{"line":39,"column":4},"end":{"line":44,"column":5}},"19":{"start":{"line":40,"column":6},"end":{"line":40,"column":60}},"20":{"start":{"line":41,"column":6},"end":{"line":41,"column":91}},"21":{"start":{"line":43,"column":6},"end":{"line":43,"column":66}},"22":{"start":{"line":48,"column":4},"end":{"line":54,"column":5}},"23":{"start":{"line":49,"column":29},"end":{"line":49,"column":64}},"24":{"start":{"line":50,"column":6},"end":{"line":50,"column":81}},"25":{"start":{"line":51,"column":6},"end":{"line":51,"column":79}},"26":{"start":{"line":53,"column":6},"end":{"line":53,"column":66}},"27":{"start":{"line":4,"column":0},"end":{"line":4,"column":13}}},"fnMap":{"0":{"name":"(anonymous_0)","decl":{"start":{"line":5,"column":10},"end":{"line":5,"column":16}},"loc":{"start":{"line":5,"column":85},"end":{"line":11,"column":3}}},"1":{"name":"(anonymous_1)","decl":{"start":{"line":13,"column":2},"end":{"line":13,"column":8}},"loc":{"start":{"line":13,"column":67},"end":{"line":26,"column":3}}},"2":{"name":"(anonymous_2)","decl":{"start":{"line":28,"column":2},"end":{"line":28,"column":8}},"loc":{"start":{"line":28,"column":73},"end":{"line":36,"column":3}}},"3":{"name":"(anonymous_3)","decl":{"start":{"line":38,"column":2},"end":{"line":38,"column":8}},"loc":{"start":{"line":38,"column":76},"end":{"line":45,"column":3}}},"4":{"name":"(anonymous_4)","decl":{"start":{"line":47,"column":2},"end":{"line":47,"column":8}},"loc":{"start":{"line":47,"column":69},"end":{"line":55,"column":3}}}},"branchMap":{"0":{"loc":{"start":{"line":6,"column":4},"end":{"line":9,"column":5}},"type":"if","locations":[{"start":{"line":6,"column":4},"end":{"line":9,"column":5}},{"start":{},"end":{}}]},"1":{"loc":{"start":{"line":6,"column":8},"end":{"line":6,"column":76}},"type":"binary-expr","locations":[{"start":{"line":6,"column":8},"end":{"line":6,"column":30}},{"start":{"line":6,"column":34},"end":{"line":6,"column":76}}]},"2":{"loc":{"start":{"line":17,"column":6},"end":{"line":19,"column":7}},"type":"if","locations":[{"start":{"line":17,"column":6},"end":{"line":19,"column":7}},{"start":{},"end":{}}]},"3":{"loc":{"start":{"line":17,"column":10},"end":{"line":17,"column":60}},"type":"binary-expr","locations":[{"start":{"line":17,"column":10},"end":{"line":17,"column":25}},{"start":{"line":17,"column":29},"end":{"line":17,"column":60}}]}},"s":{"0":10,"1":2,"2":2,"3":2,"4":0,"5":7,"6":7,"7":7,"8":7,"9":0,"10":7,"11":7,"12":0,"13":1,"14":1,"15":1,"16":0,"17":1,"18":0,"19":0,"20":0,"21":0,"22":1,"23":1,"24":1,"25":0,"26":1,"27":10},"f":{"0":2,"1":7,"2":1,"3":0,"4":1},"b":{"0":[2,0],"1":[2,2],"2":[0,7],"3":[7,0]}}
,"C:\\Projects\\cobly\\backend\\src\\controllers\\projectController.ts": {"path":"C:\\Projects\\cobly\\backend\\src\\controllers\\projectController.ts","statementMap":{"0":{"start":{"line":2,"column":0},"end":{"line":2,"column":60}},"1":{"start":{"line":6,"column":4},"end":{"line":9,"column":5}},"2":{"start":{"line":7,"column":6},"end":{"line":7,"column":74}},"3":{"start":{"line":8,"column":6},"end":{"line":8,"column":13}},"4":{"start":{"line":10,"column":4},"end":{"line":13,"column":5}},"5":{"start":{"line":11,"column":6},"end":{"line":11,"column":90}},"6":{"start":{"line":12,"column":6},"end":{"line":12,"column":13}},"7":{"start":{"line":14,"column":4},"end":{"line":17,"column":5}},"8":{"start":{"line":15,"column":6},"end":{"line":15,"column":90}},"9":{"start":{"line":16,"column":6},"end":{"line":16,"column":13}},"10":{"start":{"line":18,"column":4},"end":{"line":18,"column":16}},"11":{"start":{"line":22,"column":4},"end":{"line":29,"column":5}},"12":{"start":{"line":23,"column":26},"end":{"line":23,"column":58}},"13":{"start":{"line":24,"column":54},"end":{"line":24,"column":62}},"14":{"start":{"line":25,"column":22},"end":{"line":25,"column":124}},"15":{"start":{"line":26,"column":6},"end":{"line":26,"column":40}},"16":{"start":{"line":28,"column":6},"end":{"line":28,"column":61}},"17":{"start":{"line":33,"column":4},"end":{"line":39,"column":5}},"18":{"start":{"line":34,"column":26},"end":{"line":34,"column":58}},"19":{"start":{"line":35,"column":23},"end":{"line":35,"column":93}},"20":{"start":{"line":36,"column":6},"end":{"line":36,"column":41}},"21":{"start":{"line":38,"column":6},"end":{"line":38,"column":61}},"22":{"start":{"line":43,"column":4},"end":{"line":50,"column":5}},"23":{"start":{"line":44,"column":26},"end":{"line":44,"column":58}},"24":{"start":{"line":45,"column":24},"end":{"line":45,"column":54}},"25":{"start":{"line":46,"column":22},"end":{"line":46,"column":95}},"26":{"start":{"line":47,"column":6},"end":{"line":47,"column":40}},"27":{"start":{"line":49,"column":6},"end":{"line":49,"column":61}},"28":{"start":{"line":54,"column":4},"end":{"line":62,"column":5}},"29":{"start":{"line":55,"column":26},"end":{"line":55,"column":58}},"30":{"start":{"line":56,"column":24},"end":{"line":56,"column":54}},"31":{"start":{"line":57,"column":54},"end":{"line":57,"column":62}},"32":{"start":{"line":58,"column":22},"end":{"line":58,"column":135}},"33":{"start":{"line":59,"column":6},"end":{"line":59,"column":40}},"34":{"start":{"line":61,"column":6},"end":{"line":61,"column":61}},"35":{"start":{"line":66,"column":4},"end":{"line":73,"column":5}},"36":{"start":{"line":67,"column":26},"end":{"line":67,"column":58}},"37":{"start":{"line":68,"column":24},"end":{"line":68,"column":54}},"38":{"start":{"line":69,"column":6},"end":{"line":69,"column":79}},"39":{"start":{"line":70,"column":6},"end":{"line":70,"column":74}},"40":{"start":{"line":72,"column":6},"end":{"line":72,"column":61}},"41":{"start":{"line":4,"column":0},"end":{"line":4,"column":13}}},"fnMap":{"0":{"name":"(anonymous_0)","decl":{"start":{"line":5,"column":10},"end":{"line":5,"column":16}},"loc":{"start":{"line":5,"column":85},"end":{"line":19,"column":3}}},"1":{"name":"(anonymous_1)","decl":{"start":{"line":21,"column":2},"end":{"line":21,"column":8}},"loc":{"start":{"line":21,"column":69},"end":{"line":30,"column":3}}},"2":{"name":"(anonymous_2)","decl":{"start":{"line":32,"column":2},"end":{"line":32,"column":8}},"loc":{"start":{"line":32,"column":67},"end":{"line":40,"column":3}}},"3":{"name":"(anonymous_3)","decl":{"start":{"line":42,"column":2},"end":{"line":42,"column":8}},"loc":{"start":{"line":42,"column":70},"end":{"line":51,"column":3}}},"4":{"name":"(anonymous_4)","decl":{"start":{"line":53,"column":2},"end":{"line":53,"column":8}},"loc":{"start":{"line":53,"column":69},"end":{"line":63,"column":3}}},"5":{"name":"(anonymous_5)","decl":{"start":{"line":65,"column":2},"end":{"line":65,"column":8}},"loc":{"start":{"line":65,"column":69},"end":{"line":74,"column":3}}}},"branchMap":{"0":{"loc":{"start":{"line":6,"column":4},"end":{"line":9,"column":5}},"type":"if","locations":[{"start":{"line":6,"column":4},"end":{"line":9,"column":5}},{"start":{},"end":{}}]},"1":{"loc":{"start":{"line":6,"column":8},"end":{"line":6,"column":73}},"type":"binary-expr","locations":[{"start":{"line":6,"column":8},"end":{"line":6,"column":30}},{"start":{"line":6,"column":34},"end":{"line":6,"column":73}}]},"2":{"loc":{"start":{"line":10,"column":4},"end":{"line":13,"column":5}},"type":"if","locations":[{"start":{"line":10,"column":4},"end":{"line":13,"column":5}},{"start":{},"end":{}}]},"3":{"loc":{"start":{"line":10,"column":8},"end":{"line":10,"column":71}},"type":"binary-expr","locations":[{"start":{"line":10,"column":8},"end":{"line":10,"column":30}},{"start":{"line":10,"column":34},"end":{"line":10,"column":71}}]},"4":{"loc":{"start":{"line":14,"column":4},"end":{"line":17,"column":5}},"type":"if","locations":[{"start":{"line":14,"column":4},"end":{"line":17,"column":5}},{"start":{},"end":{}}]},"5":{"loc":{"start":{"line":14,"column":8},"end":{"line":14,"column":63}},"type":"binary-expr","locations":[{"start":{"line":14,"column":8},"end":{"line":14,"column":30}},{"start":{"line":14,"column":34},"end":{"line":14,"column":63}}]}},"s":{"0":10,"1":4,"2":0,"3":0,"4":4,"5":1,"6":1,"7":3,"8":3,"9":3,"10":0,"11":13,"12":13,"13":13,"14":13,"15":13,"16":0,"17":1,"18":1,"19":1,"20":0,"21":1,"22":2,"23":2,"24":2,"25":2,"26":1,"27":1,"28":1,"29":1,"30":1,"31":1,"32":1,"33":0,"34":1,"35":2,"36":2,"37":2,"38":2,"39":1,"40":1,"41":10},"f":{"0":4,"1":13,"2":1,"3":2,"4":1,"5":2},"b":{"0":[0,4],"1":[4,4],"2":[1,3],"3":[4,4],"4":[3,0],"5":[3,3]}}
,"C:\\Projects\\cobly\\backend\\src\\controllers\\taskController.ts": {"path":"C:\\Projects\\cobly\\backend\\src\\controllers\\taskController.ts","statementMap":{"0":{"start":{"line":2,"column":0},"end":{"line":2,"column":54}},"1":{"start":{"line":6,"column":4},"end":{"line":9,"column":5}},"2":{"start":{"line":7,"column":6},"end":{"line":7,"column":74}},"3":{"start":{"line":8,"column":6},"end":{"line":8,"column":13}},"4":{"start":{"line":10,"column":4},"end":{"line":13,"column":5}},"5":{"start":{"line":11,"column":6},"end":{"line":11,"column":90}},"6":{"start":{"line":12,"column":6},"end":{"line":12,"column":13}},"7":{"start":{"line":14,"column":4},"end":{"line":17,"column":5}},"8":{"start":{"line":15,"column":6},"end":{"line":15,"column":85}},"9":{"start":{"line":16,"column":6},"end":{"line":16,"column":13}},"10":{"start":{"line":18,"column":4},"end":{"line":21,"column":5}},"11":{"start":{"line":19,"column":6},"end":{"line":19,"column":90}},"12":{"start":{"line":20,"column":6},"end":{"line":20,"column":13}},"13":{"start":{"line":22,"column":4},"end":{"line":25,"column":5}},"14":{"start":{"line":23,"column":6},"end":{"line":23,"column":130}},"15":{"start":{"line":24,"column":6},"end":{"line":24,"column":13}},"16":{"start":{"line":26,"column":4},"end":{"line":29,"column":5}},"17":{"start":{"line":27,"column":6},"end":{"line":27,"column":97}},"18":{"start":{"line":28,"column":6},"end":{"line":28,"column":13}},"19":{"start":{"line":30,"column":4},"end":{"line":30,"column":16}},"20":{"start":{"line":34,"column":4},"end":{"line":42,"column":5}},"21":{"start":{"line":35,"column":26},"end":{"line":35,"column":58}},"22":{"start":{"line":36,"column":24},"end":{"line":36,"column":54}},"23":{"start":{"line":37,"column":74},"end":{"line":37,"column":82}},"24":{"start":{"line":38,"column":19},"end":{"line":38,"column":146}},"25":{"start":{"line":39,"column":6},"end":{"line":39,"column":37}},"26":{"start":{"line":41,"column":6},"end":{"line":41,"column":58}},"27":{"start":{"line":46,"column":4},"end":{"line":54,"column":5}},"28":{"start":{"line":47,"column":26},"end":{"line":47,"column":58}},"29":{"start":{"line":48,"column":24},"end":{"line":48,"column":54}},"30":{"start":{"line":49,"column":45},"end":{"line":49,"column":115}},"31":{"start":{"line":50,"column":20},"end":{"line":50,"column":125}},"32":{"start":{"line":51,"column":6},"end":{"line":51,"column":38}},"33":{"start":{"line":53,"column":6},"end":{"line":53,"column":58}},"34":{"start":{"line":58,"column":4},"end":{"line":66,"column":5}},"35":{"start":{"line":59,"column":26},"end":{"line":59,"column":58}},"36":{"start":{"line":60,"column":24},"end":{"line":60,"column":54}},"37":{"start":{"line":61,"column":21},"end":{"line":61,"column":48}},"38":{"start":{"line":62,"column":19},"end":{"line":62,"column":94}},"39":{"start":{"line":63,"column":6},"end":{"line":63,"column":37}},"40":{"start":{"line":65,"column":6},"end":{"line":65,"column":58}},"41":{"start":{"line":70,"column":4},"end":{"line":79,"column":5}},"42":{"start":{"line":71,"column":26},"end":{"line":71,"column":58}},"43":{"start":{"line":72,"column":24},"end":{"line":72,"column":54}},"44":{"start":{"line":73,"column":21},"end":{"line":73,"column":48}},"45":{"start":{"line":74,"column":74},"end":{"line":74,"column":82}},"46":{"start":{"line":75,"column":19},"end":{"line":75,"column":154}},"47":{"start":{"line":76,"column":6},"end":{"line":76,"column":37}},"48":{"start":{"line":78,"column":6},"end":{"line":78,"column":58}},"49":{"start":{"line":83,"column":4},"end":{"line":91,"column":5}},"50":{"start":{"line":84,"column":26},"end":{"line":84,"column":58}},"51":{"start":{"line":85,"column":24},"end":{"line":85,"column":54}},"52":{"start":{"line":86,"column":21},"end":{"line":86,"column":48}},"53":{"start":{"line":87,"column":6},"end":{"line":87,"column":81}},"54":{"start":{"line":88,"column":6},"end":{"line":88,"column":71}},"55":{"start":{"line":90,"column":6},"end":{"line":90,"column":58}},"56":{"start":{"line":4,"column":0},"end":{"line":4,"column":13}}},"fnMap":{"0":{"name":"(anonymous_0)","decl":{"start":{"line":5,"column":10},"end":{"line":5,"column":16}},"loc":{"start":{"line":5,"column":85},"end":{"line":31,"column":3}}},"1":{"name":"(anonymous_1)","decl":{"start":{"line":33,"column":2},"end":{"line":33,"column":8}},"loc":{"start":{"line":33,"column":69},"end":{"line":43,"column":3}}},"2":{"name":"(anonymous_2)","decl":{"start":{"line":45,"column":2},"end":{"line":45,"column":8}},"loc":{"start":{"line":45,"column":67},"end":{"line":55,"column":3}}},"3":{"name":"(anonymous_3)","decl":{"start":{"line":57,"column":2},"end":{"line":57,"column":8}},"loc":{"start":{"line":57,"column":70},"end":{"line":67,"column":3}}},"4":{"name":"(anonymous_4)","decl":{"start":{"line":69,"column":2},"end":{"line":69,"column":8}},"loc":{"start":{"line":69,"column":69},"end":{"line":80,"column":3}}},"5":{"name":"(anonymous_5)","decl":{"start":{"line":82,"column":2},"end":{"line":82,"column":8}},"loc":{"start":{"line":82,"column":69},"end":{"line":92,"column":3}}}},"branchMap":{"0":{"loc":{"start":{"line":6,"column":4},"end":{"line":9,"column":5}},"type":"if","locations":[{"start":{"line":6,"column":4},"end":{"line":9,"column":5}},{"start":{},"end":{}}]},"1":{"loc":{"start":{"line":6,"column":8},"end":{"line":6,"column":73}},"type":"binary-expr","locations":[{"start":{"line":6,"column":8},"end":{"line":6,"column":30}},{"start":{"line":6,"column":34},"end":{"line":6,"column":73}}]},"2":{"loc":{"start":{"line":10,"column":4},"end":{"line":13,"column":5}},"type":"if","locations":[{"start":{"line":10,"column":4},"end":{"line":13,"column":5}},{"start":{},"end":{}}]},"3":{"loc":{"start":{"line":10,"column":8},"end":{"line":10,"column":71}},"type":"binary-expr","locations":[{"start":{"line":10,"column":8},"end":{"line":10,"column":30}},{"start":{"line":10,"column":34},"end":{"line":10,"column":71}}]},"4":{"loc":{"start":{"line":14,"column":4},"end":{"line":17,"column":5}},"type":"if","locations":[{"start":{"line":14,"column":4},"end":{"line":17,"column":5}},{"start":{},"end":{}}]},"5":{"loc":{"start":{"line":14,"column":8},"end":{"line":14,"column":68}},"type":"binary-expr","locations":[{"start":{"line":14,"column":8},"end":{"line":14,"column":30}},{"start":{"line":14,"column":34},"end":{"line":14,"column":68}}]},"6":{"loc":{"start":{"line":18,"column":4},"end":{"line":21,"column":5}},"type":"if","locations":[{"start":{"line":18,"column":4},"end":{"line":21,"column":5}},{"start":{},"end":{}}]},"7":{"loc":{"start":{"line":18,"column":8},"end":{"line":18,"column":63}},"type":"binary-expr","locations":[{"start":{"line":18,"column":8},"end":{"line":18,"column":30}},{"start":{"line":18,"column":34},"end":{"line":18,"column":63}}]},"8":{"loc":{"start":{"line":22,"column":4},"end":{"line":25,"column":5}},"type":"if","locations":[{"start":{"line":22,"column":4},"end":{"line":25,"column":5}},{"start":{},"end":{}}]},"9":{"loc":{"start":{"line":22,"column":8},"end":{"line":22,"column":76}},"type":"binary-expr","locations":[{"start":{"line":22,"column":8},"end":{"line":22,"column":30}},{"start":{"line":22,"column":34},"end":{"line":22,"column":76}}]},"10":{"loc":{"start":{"line":26,"column":4},"end":{"line":29,"column":5}},"type":"if","locations":[{"start":{"line":26,"column":4},"end":{"line":29,"column":5}},{"start":{},"end":{}}]},"11":{"loc":{"start":{"line":26,"column":8},"end":{"line":26,"column":70}},"type":"binary-expr","locations":[{"start":{"line":26,"column":8},"end":{"line":26,"column":30}},{"start":{"line":26,"column":34},"end":{"line":26,"column":70}}]}},"s":{"0":10,"1":2,"2":0,"3":0,"4":2,"5":1,"6":1,"7":1,"8":0,"9":0,"10":1,"11":0,"12":0,"13":1,"14":0,"15":0,"16":1,"17":1,"18":1,"19":0,"20":4,"21":4,"22":4,"23":4,"24":4,"25":4,"26":0,"27":0,"28":0,"29":0,"30":0,"31":0,"32":0,"33":0,"34":1,"35":1,"36":1,"37":1,"38":1,"39":0,"40":1,"41":2,"42":2,"43":2,"44":2,"45":2,"46":2,"47":1,"48":1,"49":0,"50":0,"51":0,"52":0,"53":0,"54":0,"55":0,"56":10},"f":{"0":2,"1":4,"2":0,"3":1,"4":2,"5":0},"b":{"0":[0,2],"1":[2,2],"2":[1,1],"3":[2,2],"4":[0,1],"5":[1,1],"6":[0,1],"7":[1,1],"8":[0,1],"9":[1,1],"10":[1,0],"11":[1,1]}}
,"C:\\Projects\\cobly\\backend\\src\\controllers\\userController.ts": {"path":"C:\\Projects\\cobly\\backend\\src\\controllers\\userController.ts","statementMap":{"0":{"start":{"line":2,"column":0},"end":{"line":2,"column":54}},"1":{"start":{"line":9,"column":4},"end":{"line":24,"column":5}},"2":{"start":{"line":10,"column":6},"end":{"line":13,"column":7}},"3":{"start":{"line":11,"column":8},"end":{"line":11,"column":80}},"4":{"start":{"line":12,"column":8},"end":{"line":12,"column":15}},"5":{"start":{"line":15,"column":26},"end":{"line":15,"column":71}},"6":{"start":{"line":17,"column":6},"end":{"line":17,"column":50}},"7":{"start":{"line":19,"column":6},"end":{"line":22,"column":7}},"8":{"start":{"line":20,"column":8},"end":{"line":20,"column":79}},"9":{"start":{"line":21,"column":8},"end":{"line":21,"column":15}},"10":{"start":{"line":23,"column":6},"end":{"line":23,"column":18}},"11":{"start":{"line":4,"column":0},"end":{"line":4,"column":13}}},"fnMap":{"0":{"name":"(anonymous_0)","decl":{"start":{"line":8,"column":2},"end":{"line":8,"column":8}},"loc":{"start":{"line":8,"column":68},"end":{"line":25,"column":3}}}},"branchMap":{"0":{"loc":{"start":{"line":10,"column":6},"end":{"line":13,"column":7}},"type":"if","locations":[{"start":{"line":10,"column":6},"end":{"line":13,"column":7}},{"start":{},"end":{}}]},"1":{"loc":{"start":{"line":10,"column":10},"end":{"line":10,"column":35}},"type":"binary-expr","locations":[{"start":{"line":10,"column":10},"end":{"line":10,"column":19}},{"start":{"line":10,"column":23},"end":{"line":10,"column":35}}]},"2":{"loc":{"start":{"line":19,"column":6},"end":{"line":22,"column":7}},"type":"if","locations":[{"start":{"line":19,"column":6},"end":{"line":22,"column":7}},{"start":{},"end":{}}]},"3":{"loc":{"start":{"line":19,"column":10},"end":{"line":19,"column":70}},"type":"binary-expr","locations":[{"start":{"line":19,"column":10},"end":{"line":19,"column":32}},{"start":{"line":19,"column":36},"end":{"line":19,"column":70}}]}},"s":{"0":10,"1":2,"2":2,"3":0,"4":0,"5":2,"6":2,"7":0,"8":0,"9":0,"10":0,"11":10},"f":{"0":2},"b":{"0":[0,2],"1":[2,2],"2":[0,0],"3":[0,0]}}
,"C:\\Projects\\cobly\\backend\\src\\controllers\\workspaceController.ts": {"path":"C:\\Projects\\cobly\\backend\\src\\controllers\\workspaceController.ts","statementMap":{"0":{"start":{"line":2,"column":0},"end":{"line":2,"column":64}},"1":{"start":{"line":7,"column":4},"end":{"line":10,"column":5}},"2":{"start":{"line":8,"column":6},"end":{"line":8,"column":74}},"3":{"start":{"line":9,"column":6},"end":{"line":9,"column":13}},"4":{"start":{"line":11,"column":4},"end":{"line":14,"column":5}},"5":{"start":{"line":12,"column":6},"end":{"line":12,"column":109}},"6":{"start":{"line":13,"column":6},"end":{"line":13,"column":13}},"7":{"start":{"line":15,"column":4},"end":{"line":15,"column":16}},"8":{"start":{"line":19,"column":4},"end":{"line":25,"column":5}},"9":{"start":{"line":20,"column":36},"end":{"line":20,"column":44}},"10":{"start":{"line":21,"column":24},"end":{"line":21,"column":99}},"11":{"start":{"line":22,"column":6},"end":{"line":22,"column":42}},"12":{"start":{"line":24,"column":6},"end":{"line":24,"column":18}},"13":{"start":{"line":29,"column":4},"end":{"line":34,"column":5}},"14":{"start":{"line":30,"column":25},"end":{"line":30,"column":82}},"15":{"start":{"line":31,"column":6},"end":{"line":31,"column":43}},"16":{"start":{"line":33,"column":6},"end":{"line":33,"column":18}},"17":{"start":{"line":38,"column":4},"end":{"line":44,"column":5}},"18":{"start":{"line":39,"column":26},"end":{"line":39,"column":58}},"19":{"start":{"line":40,"column":24},"end":{"line":40,"column":90}},"20":{"start":{"line":41,"column":6},"end":{"line":41,"column":42}},"21":{"start":{"line":43,"column":6},"end":{"line":43,"column":63}},"22":{"start":{"line":48,"column":4},"end":{"line":55,"column":5}},"23":{"start":{"line":49,"column":26},"end":{"line":49,"column":58}},"24":{"start":{"line":50,"column":36},"end":{"line":50,"column":44}},"25":{"start":{"line":51,"column":24},"end":{"line":51,"column":112}},"26":{"start":{"line":52,"column":6},"end":{"line":52,"column":42}},"27":{"start":{"line":54,"column":6},"end":{"line":54,"column":63}},"28":{"start":{"line":59,"column":4},"end":{"line":65,"column":5}},"29":{"start":{"line":60,"column":26},"end":{"line":60,"column":58}},"30":{"start":{"line":61,"column":6},"end":{"line":61,"column":72}},"31":{"start":{"line":62,"column":6},"end":{"line":62,"column":76}},"32":{"start":{"line":64,"column":6},"end":{"line":64,"column":63}},"33":{"start":{"line":71,"column":4},"end":{"line":77,"column":5}},"34":{"start":{"line":72,"column":26},"end":{"line":72,"column":58}},"35":{"start":{"line":73,"column":22},"end":{"line":73,"column":82}},"36":{"start":{"line":74,"column":6},"end":{"line":74,"column":40}},"37":{"start":{"line":76,"column":6},"end":{"line":76,"column":63}},"38":{"start":{"line":81,"column":4},"end":{"line":97,"column":5}},"39":{"start":{"line":82,"column":26},"end":{"line":82,"column":58}},"40":{"start":{"line":83,"column":25},"end":{"line":83,"column":33}},"41":{"start":{"line":85,"column":6},"end":{"line":85,"column":74}},"42":{"start":{"line":86,"column":6},"end":{"line":86,"column":71}},"43":{"start":{"line":88,"column":6},"end":{"line":91,"column":7}},"44":{"start":{"line":89,"column":8},"end":{"line":89,"column":78}},"45":{"start":{"line":90,"column":8},"end":{"line":90,"column":15}},"46":{"start":{"line":92,"column":6},"end":{"line":95,"column":7}},"47":{"start":{"line":93,"column":8},"end":{"line":93,"column":81}},"48":{"start":{"line":94,"column":8},"end":{"line":94,"column":15}},"49":{"start":{"line":96,"column":6},"end":{"line":96,"column":63}},"50":{"start":{"line":101,"column":4},"end":{"line":117,"column":5}},"51":{"start":{"line":102,"column":26},"end":{"line":102,"column":58}},"52":{"start":{"line":103,"column":27},"end":{"line":103,"column":54}},"53":{"start":{"line":105,"column":6},"end":{"line":105,"column":83}},"54":{"start":{"line":106,"column":6},"end":{"line":106,"column":73}},"55":{"start":{"line":108,"column":6},"end":{"line":111,"column":7}},"56":{"start":{"line":109,"column":8},"end":{"line":109,"column":86}},"57":{"start":{"line":110,"column":8},"end":{"line":110,"column":15}},"58":{"start":{"line":112,"column":6},"end":{"line":115,"column":7}},"59":{"start":{"line":113,"column":8},"end":{"line":113,"column":90}},"60":{"start":{"line":114,"column":8},"end":{"line":114,"column":15}},"61":{"start":{"line":116,"column":6},"end":{"line":116,"column":63}},"62":{"start":{"line":5,"column":0},"end":{"line":5,"column":13}}},"fnMap":{"0":{"name":"(anonymous_0)","decl":{"start":{"line":6,"column":10},"end":{"line":6,"column":16}},"loc":{"start":{"line":6,"column":85},"end":{"line":16,"column":3}}},"1":{"name":"(anonymous_1)","decl":{"start":{"line":18,"column":2},"end":{"line":18,"column":8}},"loc":{"start":{"line":18,"column":69},"end":{"line":26,"column":3}}},"2":{"name":"(anonymous_2)","decl":{"start":{"line":28,"column":2},"end":{"line":28,"column":8}},"loc":{"start":{"line":28,"column":67},"end":{"line":35,"column":3}}},"3":{"name":"(anonymous_3)","decl":{"start":{"line":37,"column":2},"end":{"line":37,"column":8}},"loc":{"start":{"line":37,"column":70},"end":{"line":45,"column":3}}},"4":{"name":"(anonymous_4)","decl":{"start":{"line":47,"column":2},"end":{"line":47,"column":8}},"loc":{"start":{"line":47,"column":69},"end":{"line":56,"column":3}}},"5":{"name":"(anonymous_5)","decl":{"start":{"line":58,"column":2},"end":{"line":58,"column":8}},"loc":{"start":{"line":58,"column":69},"end":{"line":66,"column":3}}},"6":{"name":"(anonymous_6)","decl":{"start":{"line":70,"column":2},"end":{"line":70,"column":8}},"loc":{"start":{"line":70,"column":73},"end":{"line":78,"column":3}}},"7":{"name":"(anonymous_7)","decl":{"start":{"line":80,"column":2},"end":{"line":80,"column":8}},"loc":{"start":{"line":80,"column":72},"end":{"line":98,"column":3}}},"8":{"name":"(anonymous_8)","decl":{"start":{"line":100,"column":2},"end":{"line":100,"column":8}},"loc":{"start":{"line":100,"column":75},"end":{"line":118,"column":3}}}},"branchMap":{"0":{"loc":{"start":{"line":7,"column":4},"end":{"line":10,"column":5}},"type":"if","locations":[{"start":{"line":7,"column":4},"end":{"line":10,"column":5}},{"start":{},"end":{}}]},"1":{"loc":{"start":{"line":7,"column":8},"end":{"line":7,"column":63}},"type":"binary-expr","locations":[{"start":{"line":7,"column":8},"end":{"line":7,"column":30}},{"start":{"line":7,"column":34},"end":{"line":7,"column":63}}]},"2":{"loc":{"start":{"line":11,"column":4},"end":{"line":14,"column":5}},"type":"if","locations":[{"start":{"line":11,"column":4},"end":{"line":14,"column":5}},{"start":{},"end":{}}]},"3":{"loc":{"start":{"line":11,"column":8},"end":{"line":11,"column":63}},"type":"binary-expr","locations":[{"start":{"line":11,"column":8},"end":{"line":11,"column":30}},{"start":{"line":11,"column":34},"end":{"line":11,"column":63}}]},"4":{"loc":{"start":{"line":88,"column":6},"end":{"line":91,"column":7}},"type":"if","locations":[{"start":{"line":88,"column":6},"end":{"line":91,"column":7}},{"start":{},"end":{}}]},"5":{"loc":{"start":{"line":88,"column":10},"end":{"line":88,"column":70}},"type":"binary-expr","locations":[{"start":{"line":88,"column":10},"end":{"line":88,"column":32}},{"start":{"line":88,"column":36},"end":{"line":88,"column":70}}]},"6":{"loc":{"start":{"line":92,"column":6},"end":{"line":95,"column":7}},"type":"if","locations":[{"start":{"line":92,"column":6},"end":{"line":95,"column":7}},{"start":{},"end":{}}]},"7":{"loc":{"start":{"line":92,"column":10},"end":{"line":92,"column":70}},"type":"binary-expr","locations":[{"start":{"line":92,"column":10},"end":{"line":92,"column":32}},{"start":{"line":92,"column":36},"end":{"line":92,"column":70}}]},"8":{"loc":{"start":{"line":108,"column":6},"end":{"line":111,"column":7}},"type":"if","locations":[{"start":{"line":108,"column":6},"end":{"line":111,"column":7}},{"start":{},"end":{}}]},"9":{"loc":{"start":{"line":108,"column":10},"end":{"line":108,"column":72}},"type":"binary-expr","locations":[{"start":{"line":108,"column":10},"end":{"line":108,"column":32}},{"start":{"line":108,"column":36},"end":{"line":108,"column":72}}]},"10":{"loc":{"start":{"line":112,"column":6},"end":{"line":115,"column":7}},"type":"if","locations":[{"start":{"line":112,"column":6},"end":{"line":115,"column":7}},{"start":{},"end":{}}]},"11":{"loc":{"start":{"line":112,"column":10},"end":{"line":112,"column":75}},"type":"binary-expr","locations":[{"start":{"line":112,"column":10},"end":{"line":112,"column":32}},{"start":{"line":112,"column":36},"end":{"line":112,"column":75}}]}},"s":{"0":10,"1":2,"2":0,"3":0,"4":2,"5":2,"6":2,"7":0,"8":31,"9":31,"10":31,"11":31,"12":0,"13":2,"14":2,"15":2,"16":0,"17":1,"18":1,"19":1,"20":0,"21":1,"22":0,"23":0,"24":0,"25":0,"26":0,"27":0,"28":0,"29":0,"30":0,"31":0,"32":0,"33":1,"34":1,"35":1,"36":1,"37":0,"38":15,"39":15,"40":15,"41":15,"42":13,"43":2,"44":0,"45":0,"46":2,"47":1,"48":1,"49":1,"50":2,"51":2,"52":2,"53":2,"54":1,"55":1,"56":0,"57":0,"58":1,"59":1,"60":1,"61":0,"62":10},"f":{"0":2,"1":31,"2":2,"3":1,"4":0,"5":0,"6":1,"7":15,"8":2},"b":{"0":[0,2],"1":[2,2],"2":[2,0],"3":[2,2],"4":[0,2],"5":[2,2],"6":[1,1],"7":[2,2],"8":[0,1],"9":[1,1],"10":[1,0],"11":[1,1]}}
,"C:\\Projects\\cobly\\backend\\src\\middleware\\errorHandler.ts": {"path":"C:\\Projects\\cobly\\backend\\src\\middleware\\errorHandler.ts","statementMap":{"0":{"start":{"line":8,"column":28},"end":{"line":33,"column":1}},"1":{"start":{"line":14,"column":21},"end":{"line":14,"column":42}},"2":{"start":{"line":15,"column":18},"end":{"line":15,"column":56}},"3":{"start":{"line":18,"column":23},"end":{"line":18,"column":60}},"4":{"start":{"line":19,"column":26},"end":{"line":19,"column":96}},"5":{"start":{"line":21,"column":2},"end":{"line":21,"column":54}},"6":{"start":{"line":23,"column":2},"end":{"line":25,"column":3}},"7":{"start":{"line":24,"column":4},"end":{"line":24,"column":29}},"8":{"start":{"line":27,"column":2},"end":{"line":32,"column":5}},"9":{"start":{"line":8,"column":13},"end":{"line":8,"column":28}}},"fnMap":{"0":{"name":"(anonymous_0)","decl":{"start":{"line":8,"column":28},"end":{"line":8,"column":null}},"loc":{"start":{"line":13,"column":4},"end":{"line":33,"column":1}}}},"branchMap":{"0":{"loc":{"start":{"line":14,"column":21},"end":{"line":14,"column":42}},"type":"binary-expr","locations":[{"start":{"line":14,"column":21},"end":{"line":14,"column":35}},{"start":{"line":14,"column":39},"end":{"line":14,"column":42}}]},"1":{"loc":{"start":{"line":15,"column":18},"end":{"line":15,"column":56}},"type":"binary-expr","locations":[{"start":{"line":15,"column":18},"end":{"line":15,"column":29}},{"start":{"line":15,"column":33},"end":{"line":15,"column":56}}]},"2":{"loc":{"start":{"line":19,"column":26},"end":{"line":19,"column":96}},"type":"cond-expr","locations":[{"start":{"line":19,"column":63},"end":{"line":19,"column":86}},{"start":{"line":19,"column":89},"end":{"line":19,"column":96}}]},"3":{"loc":{"start":{"line":19,"column":26},"end":{"line":19,"column":60}},"type":"binary-expr","locations":[{"start":{"line":19,"column":26},"end":{"line":19,"column":38}},{"start":{"line":19,"column":42},"end":{"line":19,"column":60}}]},"4":{"loc":{"start":{"line":23,"column":2},"end":{"line":25,"column":3}},"type":"if","locations":[{"start":{"line":23,"column":2},"end":{"line":25,"column":3}},{"start":{},"end":{}}]},"5":{"loc":{"start":{"line":23,"column":6},"end":{"line":23,"column":32}},"type":"binary-expr","locations":[{"start":{"line":23,"column":6},"end":{"line":23,"column":19}},{"start":{"line":23,"column":23},"end":{"line":23,"column":32}}]},"6":{"loc":{"start":{"line":30,"column":10},"end":{"line":30,"column":50}},"type":"cond-expr","locations":[{"start":{"line":30,"column":25},"end":{"line":30,"column":27}},{"start":{"line":30,"column":30},"end":{"line":30,"column":50}}]}},"s":{"0":10,"1":1,"2":1,"3":1,"4":1,"5":1,"6":1,"7":1,"8":1,"9":10},"f":{"0":1},"b":{"0":[1,0],"1":[1,0],"2":[0,1],"3":[1,0],"4":[1,0],"5":[1,1],"6":[0,1]}}
,"C:\\Projects\\cobly\\backend\\src\\middleware\\logger.ts": {"path":"C:\\Projects\\cobly\\backend\\src\\middleware\\logger.ts","statementMap":{"0":{"start":{"line":3,"column":29},"end":{"line":12,"column":1}},"1":{"start":{"line":4,"column":16},"end":{"line":4,"column":26}},"2":{"start":{"line":6,"column":2},"end":{"line":9,"column":5}},"3":{"start":{"line":7,"column":21},"end":{"line":7,"column":39}},"4":{"start":{"line":8,"column":4},"end":{"line":8,"column":90}},"5":{"start":{"line":11,"column":2},"end":{"line":11,"column":9}},"6":{"start":{"line":3,"column":13},"end":{"line":3,"column":29}}},"fnMap":{"0":{"name":"(anonymous_0)","decl":{"start":{"line":3,"column":29},"end":{"line":3,"column":30}},"loc":{"start":{"line":3,"column":81},"end":{"line":12,"column":1}}},"1":{"name":"(anonymous_1)","decl":{"start":{"line":6,"column":19},"end":{"line":6,"column":22}},"loc":{"start":{"line":6,"column":24},"end":{"line":9,"column":3}}}},"branchMap":{},"s":{"0":1,"1":1004,"2":1004,"3":1004,"4":1004,"5":1004,"6":1},"f":{"0":1004,"1":1004},"b":{}}
,"C:\\Projects\\cobly\\backend\\src\\middleware\\notFoundHandler.ts": {"path":"C:\\Projects\\cobly\\backend\\src\\middleware\\notFoundHandler.ts","statementMap":{"0":{"start":{"line":3,"column":31},"end":{"line":9,"column":1}},"1":{"start":{"line":4,"column":2},"end":{"line":8,"column":5}},"2":{"start":{"line":3,"column":13},"end":{"line":3,"column":31}}},"fnMap":{"0":{"name":"(anonymous_0)","decl":{"start":{"line":3,"column":31},"end":{"line":3,"column":32}},"loc":{"start":{"line":3,"column":83},"end":{"line":9,"column":1}}}},"branchMap":{},"s":{"0":10,"1":0,"2":10},"f":{"0":0},"b":{}}
,"C:\\Projects\\cobly\\backend\\src\\middleware\\requireAuth.ts": {"path":"C:\\Projects\\cobly\\backend\\src\\middleware\\requireAuth.ts","statementMap":{"0":{"start":{"line":2,"column":0},"end":{"line":2,"column":31}},"1":{"start":{"line":3,"column":0},"end":{"line":3,"column":35}},"2":{"start":{"line":9,"column":27},"end":{"line":28,"column":1}},"3":{"start":{"line":10,"column":21},"end":{"line":10,"column":46}},"4":{"start":{"line":12,"column":2},"end":{"line":15,"column":3}},"5":{"start":{"line":13,"column":4},"end":{"line":13,"column":76}},"6":{"start":{"line":14,"column":4},"end":{"line":14,"column":11}},"7":{"start":{"line":17,"column":16},"end":{"line":17,"column":40}},"8":{"start":{"line":19,"column":2},"end":{"line":27,"column":3}},"9":{"start":{"line":20,"column":20},"end":{"line":20,"column":69}},"10":{"start":{"line":23,"column":4},"end":{"line":23,"column":34}},"11":{"start":{"line":24,"column":4},"end":{"line":24,"column":11}},"12":{"start":{"line":26,"column":4},"end":{"line":26,"column":77}},"13":{"start":{"line":9,"column":13},"end":{"line":9,"column":27}}},"fnMap":{"0":{"name":"(anonymous_1)","decl":{"start":{"line":9,"column":27},"end":{"line":9,"column":28}},"loc":{"start":{"line":9,"column":85},"end":{"line":28,"column":1}}}},"branchMap":{"0":{"loc":{"start":{"line":12,"column":2},"end":{"line":15,"column":3}},"type":"if","locations":[{"start":{"line":12,"column":2},"end":{"line":15,"column":3}},{"start":{},"end":{}}]},"1":{"loc":{"start":{"line":12,"column":6},"end":{"line":12,"column":54}},"type":"binary-expr","locations":[{"start":{"line":12,"column":6},"end":{"line":12,"column":17}},{"start":{"line":12,"column":21},"end":{"line":12,"column":54}}]}},"s":{"0":10,"1":10,"2":10,"3":99,"4":99,"5":2,"6":2,"7":97,"8":97,"9":97,"10":96,"11":96,"12":1,"13":10},"f":{"0":99},"b":{"0":[2,97],"1":[99,97]}}
,"C:\\Projects\\cobly\\backend\\src\\middleware\\requireRole.ts": {"path":"C:\\Projects\\cobly\\backend\\src\\middleware\\requireRole.ts","statementMap":{"0":{"start":{"line":2,"column":0},"end":{"line":2,"column":34}},"1":{"start":{"line":4,"column":27},"end":{"line":32,"column":1}},"2":{"start":{"line":5,"column":2},"end":{"line":31,"column":4}},"3":{"start":{"line":6,"column":4},"end":{"line":30,"column":5}},"4":{"start":{"line":7,"column":6},"end":{"line":10,"column":7}},"5":{"start":{"line":8,"column":8},"end":{"line":8,"column":80}},"6":{"start":{"line":9,"column":8},"end":{"line":9,"column":15}},"7":{"start":{"line":12,"column":19},"end":{"line":12,"column":51}},"8":{"start":{"line":14,"column":6},"end":{"line":17,"column":7}},"9":{"start":{"line":15,"column":8},"end":{"line":15,"column":71}},"10":{"start":{"line":16,"column":8},"end":{"line":16,"column":15}},"11":{"start":{"line":19,"column":6},"end":{"line":22,"column":7}},"12":{"start":{"line":20,"column":8},"end":{"line":20,"column":92}},"13":{"start":{"line":21,"column":8},"end":{"line":21,"column":15}},"14":{"start":{"line":27,"column":6},"end":{"line":27,"column":13}},"15":{"start":{"line":29,"column":6},"end":{"line":29,"column":18}},"16":{"start":{"line":4,"column":13},"end":{"line":4,"column":27}}},"fnMap":{"0":{"name":"(anonymous_1)","decl":{"start":{"line":4,"column":27},"end":{"line":4,"column":28}},"loc":{"start":{"line":4,"column":47},"end":{"line":32,"column":1}}},"1":{"name":"(anonymous_2)","decl":{"start":{"line":5,"column":9},"end":{"line":5,"column":14}},"loc":{"start":{"line":5,"column":82},"end":{"line":31,"column":3}}}},"branchMap":{"0":{"loc":{"start":{"line":7,"column":6},"end":{"line":10,"column":7}},"type":"if","locations":[{"start":{"line":7,"column":6},"end":{"line":10,"column":7}},{"start":{},"end":{}}]},"1":{"loc":{"start":{"line":7,"column":10},"end":{"line":7,"column":35}},"type":"binary-expr","locations":[{"start":{"line":7,"column":10},"end":{"line":7,"column":19}},{"start":{"line":7,"column":23},"end":{"line":7,"column":35}}]},"2":{"loc":{"start":{"line":14,"column":6},"end":{"line":17,"column":7}},"type":"if","locations":[{"start":{"line":14,"column":6},"end":{"line":17,"column":7}},{"start":{},"end":{}}]},"3":{"loc":{"start":{"line":19,"column":6},"end":{"line":22,"column":7}},"type":"if","locations":[{"start":{"line":19,"column":6},"end":{"line":22,"column":7}},{"start":{},"end":{}}]}},"s":{"0":0,"1":0,"2":0,"3":0,"4":0,"5":0,"6":0,"7":0,"8":0,"9":0,"10":0,"11":0,"12":0,"13":0,"14":0,"15":0,"16":0},"f":{"0":0,"1":0},"b":{"0":[0,0],"1":[0,0],"2":[0,0],"3":[0,0]}}
,"C:\\Projects\\cobly\\backend\\src\\middleware\\validateRequest.ts": {"path":"C:\\Projects\\cobly\\backend\\src\\middleware\\validateRequest.ts","statementMap":{"0":{"start":{"line":2,"column":0},"end":{"line":2,"column":42}},"1":{"start":{"line":10,"column":31},"end":{"line":39,"column":1}},"2":{"start":{"line":11,"column":2},"end":{"line":38,"column":4}},"3":{"start":{"line":12,"column":4},"end":{"line":37,"column":5}},"4":{"start":{"line":13,"column":6},"end":{"line":15,"column":7}},"5":{"start":{"line":14,"column":8},"end":{"line":14,"column":59}},"6":{"start":{"line":16,"column":6},"end":{"line":18,"column":7}},"7":{"start":{"line":17,"column":8},"end":{"line":17,"column":71}},"8":{"start":{"line":19,"column":6},"end":{"line":21,"column":7}},"9":{"start":{"line":20,"column":8},"end":{"line":20,"column":74}},"10":{"start":{"line":22,"column":6},"end":{"line":22,"column":13}},"11":{"start":{"line":24,"column":6},"end":{"line":35,"column":7}},"12":{"start":{"line":25,"column":8},"end":{"line":33,"column":11}},"13":{"start":{"line":28,"column":48},"end":{"line":31,"column":14}},"14":{"start":{"line":34,"column":8},"end":{"line":34,"column":15}},"15":{"start":{"line":36,"column":6},"end":{"line":36,"column":18}},"16":{"start":{"line":10,"column":13},"end":{"line":10,"column":31}}},"fnMap":{"0":{"name":"(anonymous_0)","decl":{"start":{"line":10,"column":31},"end":{"line":10,"column":32}},"loc":{"start":{"line":10,"column":62},"end":{"line":39,"column":1}}},"1":{"name":"(anonymous_1)","decl":{"start":{"line":11,"column":9},"end":{"line":11,"column":14}},"loc":{"start":{"line":11,"column":82},"end":{"line":38,"column":3}}},"2":{"name":"(anonymous_2)","decl":{"start":{"line":28,"column":38},"end":{"line":28,"column":39}},"loc":{"start":{"line":28,"column":48},"end":{"line":31,"column":14}}}},"branchMap":{"0":{"loc":{"start":{"line":13,"column":6},"end":{"line":15,"column":7}},"type":"if","locations":[{"start":{"line":13,"column":6},"end":{"line":15,"column":7}},{"start":{},"end":{}}]},"1":{"loc":{"start":{"line":16,"column":6},"end":{"line":18,"column":7}},"type":"if","locations":[{"start":{"line":16,"column":6},"end":{"line":18,"column":7}},{"start":{},"end":{}}]},"2":{"loc":{"start":{"line":19,"column":6},"end":{"line":21,"column":7}},"type":"if","locations":[{"start":{"line":19,"column":6},"end":{"line":21,"column":7}},{"start":{},"end":{}}]},"3":{"loc":{"start":{"line":24,"column":6},"end":{"line":35,"column":7}},"type":"if","locations":[{"start":{"line":24,"column":6},"end":{"line":35,"column":7}},{"start":{},"end":{}}]}},"s":{"0":10,"1":10,"2":360,"3":1223,"4":1223,"5":1210,"6":222,"7":0,"8":222,"9":54,"10":222,"11":1001,"12":1001,"13":2002,"14":1001,"15":0,"16":10},"f":{"0":360,"1":1223,"2":2002},"b":{"0":[1210,13],"1":[0,222],"2":[54,168],"3":[1001,0]}}
,"C:\\Projects\\cobly\\backend\\src\\models\\Activity.ts": {"path":"C:\\Projects\\cobly\\backend\\src\\models\\Activity.ts","statementMap":{"0":{"start":{"line":1,"column":0},"end":{"line":1,"column":54}},"1":{"start":{"line":14,"column":31},"end":{"line":45,"column":null}},"2":{"start":{"line":49,"column":0},"end":{"line":49,"column":56}},"3":{"start":{"line":51,"column":0},"end":{"line":51,"column":69}}},"fnMap":{},"branchMap":{},"s":{"0":10,"1":10,"2":10,"3":10},"f":{},"b":{}}
,"C:\\Projects\\cobly\\backend\\src\\models\\Comment.ts": {"path":"C:\\Projects\\cobly\\backend\\src\\models\\Comment.ts","statementMap":{"0":{"start":{"line":1,"column":0},"end":{"line":1,"column":54}},"1":{"start":{"line":14,"column":30},"end":{"line":44,"column":null}},"2":{"start":{"line":47,"column":0},"end":{"line":47,"column":55}},"3":{"start":{"line":49,"column":0},"end":{"line":49,"column":66}}},"fnMap":{},"branchMap":{},"s":{"0":10,"1":10,"2":10,"3":10},"f":{},"b":{}}
,"C:\\Projects\\cobly\\backend\\src\\models\\Discussion.ts": {"path":"C:\\Projects\\cobly\\backend\\src\\models\\Discussion.ts","statementMap":{"0":{"start":{"line":1,"column":0},"end":{"line":1,"column":54}},"1":{"start":{"line":14,"column":33},"end":{"line":45,"column":null}},"2":{"start":{"line":48,"column":0},"end":{"line":48,"column":56}},"3":{"start":{"line":50,"column":0},"end":{"line":50,"column":75}}},"fnMap":{},"branchMap":{},"s":{"0":10,"1":10,"2":10,"3":10},"f":{},"b":{}}
,"C:\\Projects\\cobly\\backend\\src\\models\\Meeting.ts": {"path":"C:\\Projects\\cobly\\backend\\src\\models\\Meeting.ts","statementMap":{"0":{"start":{"line":1,"column":0},"end":{"line":1,"column":54}},"1":{"start":{"line":19,"column":30},"end":{"line":68,"column":null}},"2":{"start":{"line":71,"column":0},"end":{"line":71,"column":54}},"3":{"start":{"line":72,"column":0},"end":{"line":72,"column":65}},"4":{"start":{"line":74,"column":0},"end":{"line":74,"column":66}}},"fnMap":{},"branchMap":{},"s":{"0":10,"1":10,"2":10,"3":10,"4":10},"f":{},"b":{}}
,"C:\\Projects\\cobly\\backend\\src\\models\\Notification.ts": {"path":"C:\\Projects\\cobly\\backend\\src\\models\\Notification.ts","statementMap":{"0":{"start":{"line":1,"column":0},"end":{"line":1,"column":54}},"1":{"start":{"line":17,"column":35},"end":{"line":55,"column":null}},"2":{"start":{"line":59,"column":0},"end":{"line":59,"column":58}},"3":{"start":{"line":60,"column":0},"end":{"line":60,"column":67}},"4":{"start":{"line":62,"column":0},"end":{"line":62,"column":81}}},"fnMap":{},"branchMap":{},"s":{"0":10,"1":10,"2":10,"3":10,"4":10},"f":{},"b":{}}
,"C:\\Projects\\cobly\\backend\\src\\models\\Project.ts": {"path":"C:\\Projects\\cobly\\backend\\src\\models\\Project.ts","statementMap":{"0":{"start":{"line":1,"column":0},"end":{"line":1,"column":54}},"1":{"start":{"line":14,"column":30},"end":{"line":48,"column":null}},"2":{"start":{"line":51,"column":0},"end":{"line":51,"column":66}}},"fnMap":{},"branchMap":{},"s":{"0":10,"1":10,"2":10},"f":{},"b":{}}
,"C:\\Projects\\cobly\\backend\\src\\models\\Task.ts": {"path":"C:\\Projects\\cobly\\backend\\src\\models\\Task.ts","statementMap":{"0":{"start":{"line":1,"column":0},"end":{"line":1,"column":54}},"1":{"start":{"line":16,"column":27},"end":{"line":55,"column":null}},"2":{"start":{"line":58,"column":0},"end":{"line":58,"column":57}}},"fnMap":{},"branchMap":{},"s":{"0":10,"1":10,"2":10},"f":{},"b":{}}
,"C:\\Projects\\cobly\\backend\\src\\models\\User.ts": {"path":"C:\\Projects\\cobly\\backend\\src\\models\\User.ts","statementMap":{"0":{"start":{"line":1,"column":0},"end":{"line":1,"column":54}},"1":{"start":{"line":12,"column":27},"end":{"line":39,"column":null}},"2":{"start":{"line":42,"column":0},"end":{"line":42,"column":57}}},"fnMap":{},"branchMap":{},"s":{"0":10,"1":10,"2":10},"f":{},"b":{}}
,"C:\\Projects\\cobly\\backend\\src\\models\\Workspace.ts": {"path":"C:\\Projects\\cobly\\backend\\src\\models\\Workspace.ts","statementMap":{"0":{"start":{"line":1,"column":0},"end":{"line":1,"column":54}},"1":{"start":{"line":17,"column":30},"end":{"line":29,"column":18}},"2":{"start":{"line":31,"column":32},"end":{"line":54,"column":null}},"3":{"start":{"line":57,"column":0},"end":{"line":57,"column":72}}},"fnMap":{},"branchMap":{},"s":{"0":10,"1":10,"2":10,"3":10},"f":{},"b":{}}
,"C:\\Projects\\cobly\\backend\\src\\routes\\activity.ts": {"path":"C:\\Projects\\cobly\\backend\\src\\routes\\activity.ts","statementMap":{"0":{"start":{"line":1,"column":0},"end":{"line":1,"column":33}},"1":{"start":{"line":2,"column":0},"end":{"line":2,"column":24}},"2":{"start":{"line":3,"column":0},"end":{"line":3,"column":71}},"3":{"start":{"line":4,"column":0},"end":{"line":4,"column":64}},"4":{"start":{"line":5,"column":0},"end":{"line":5,"column":32}},"5":{"start":{"line":7,"column":15},"end":{"line":7,"column":44}},"6":{"start":{"line":9,"column":31},"end":{"line":13,"column":2}},"7":{"start":{"line":10,"column":42},"end":{"line":10,"column":78}},"8":{"start":{"line":15,"column":0},"end":{"line":15,"column":94}},"9":{"start":{"line":17,"column":0},"end":{"line":17,"column":22}}},"fnMap":{"0":{"name":"(anonymous_1)","decl":{"start":{"line":10,"column":33},"end":{"line":10,"column":34}},"loc":{"start":{"line":10,"column":42},"end":{"line":10,"column":78}}}},"branchMap":{},"s":{"0":10,"1":10,"2":10,"3":10,"4":10,"5":10,"6":10,"7":1,"8":10,"9":10},"f":{"0":1},"b":{}}
,"C:\\Projects\\cobly\\backend\\src\\routes\\auth.ts": {"path":"C:\\Projects\\cobly\\backend\\src\\routes\\auth.ts","statementMap":{"0":{"start":{"line":1,"column":0},"end":{"line":1,"column":33}},"1":{"start":{"line":2,"column":0},"end":{"line":2,"column":24}},"2":{"start":{"line":3,"column":0},"end":{"line":3,"column":43}},"3":{"start":{"line":4,"column":0},"end":{"line":4,"column":63}},"4":{"start":{"line":5,"column":0},"end":{"line":5,"column":64}},"5":{"start":{"line":7,"column":0},"end":{"line":7,"column":35}},"6":{"start":{"line":9,"column":15},"end":{"line":9,"column":23}},"7":{"start":{"line":12,"column":20},"end":{"line":18,"column":2}},"8":{"start":{"line":20,"column":23},"end":{"line":24,"column":2}},"9":{"start":{"line":26,"column":20},"end":{"line":29,"column":2}},"10":{"start":{"line":31,"column":0},"end":{"line":31,"column":106}},"11":{"start":{"line":32,"column":0},"end":{"line":32,"column":97}},"12":{"start":{"line":34,"column":0},"end":{"line":34,"column":22}}},"fnMap":{},"branchMap":{"0":{"loc":{"start":{"line":14,"column":7},"end":{"line":14,"column":44}},"type":"cond-expr","locations":[{"start":{"line":14,"column":35},"end":{"line":14,"column":39}},{"start":{"line":14,"column":42},"end":{"line":14,"column":44}}]}},"s":{"0":10,"1":10,"2":10,"3":10,"4":10,"5":10,"6":10,"7":10,"8":10,"9":10,"10":10,"11":10,"12":10},"f":{},"b":{"0":[10,0]}}
,"C:\\Projects\\cobly\\backend\\src\\routes\\comment.ts": {"path":"C:\\Projects\\cobly\\backend\\src\\routes\\comment.ts","statementMap":{"0":{"start":{"line":1,"column":0},"end":{"line":1,"column":33}},"1":{"start":{"line":2,"column":0},"end":{"line":2,"column":24}},"2":{"start":{"line":3,"column":0},"end":{"line":3,"column":69}},"3":{"start":{"line":4,"column":0},"end":{"line":4,"column":64}},"4":{"start":{"line":5,"column":0},"end":{"line":5,"column":32}},"5":{"start":{"line":7,"column":15},"end":{"line":7,"column":44}},"6":{"start":{"line":9,"column":28},"end":{"line":11,"column":2}},"7":{"start":{"line":13,"column":28},"end":{"line":15,"column":2}},"8":{"start":{"line":17,"column":32},"end":{"line":21,"column":2}},"9":{"start":{"line":18,"column":42},"end":{"line":18,"column":78}},"10":{"start":{"line":19,"column":40},"end":{"line":19,"column":76}},"11":{"start":{"line":20,"column":43},"end":{"line":20,"column":79}},"12":{"start":{"line":23,"column":29},"end":{"line":28,"column":2}},"13":{"start":{"line":24,"column":42},"end":{"line":24,"column":78}},"14":{"start":{"line":25,"column":40},"end":{"line":25,"column":76}},"15":{"start":{"line":26,"column":43},"end":{"line":26,"column":79}},"16":{"start":{"line":27,"column":40},"end":{"line":27,"column":76}},"17":{"start":{"line":30,"column":0},"end":{"line":30,"column":124}},"18":{"start":{"line":31,"column":0},"end":{"line":31,"column":94}},"19":{"start":{"line":32,"column":0},"end":{"line":32,"column":132}},"20":{"start":{"line":33,"column":0},"end":{"line":33,"column":106}},"21":{"start":{"line":35,"column":0},"end":{"line":35,"column":22}}},"fnMap":{"0":{"name":"(anonymous_1)","decl":{"start":{"line":18,"column":33},"end":{"line":18,"column":34}},"loc":{"start":{"line":18,"column":42},"end":{"line":18,"column":78}}},"1":{"name":"(anonymous_2)","decl":{"start":{"line":19,"column":31},"end":{"line":19,"column":32}},"loc":{"start":{"line":19,"column":40},"end":{"line":19,"column":76}}},"2":{"name":"(anonymous_3)","decl":{"start":{"line":20,"column":34},"end":{"line":20,"column":35}},"loc":{"start":{"line":20,"column":43},"end":{"line":20,"column":79}}},"3":{"name":"(anonymous_4)","decl":{"start":{"line":24,"column":33},"end":{"line":24,"column":34}},"loc":{"start":{"line":24,"column":42},"end":{"line":24,"column":78}}},"4":{"name":"(anonymous_5)","d
[...]
ocations":[{"start":{"line":245,"column":6},"end":{"line":247,"column":7}},{"start":{},"end":{}}]},"33":{"loc":{"start":{"line":245,"column":10},"end":{"line":245,"column":160}},"type":"binary-expr","locations":[{"start":{"line":245,"column":10},"end":{"line":245,"column":34}},{"start":{"line":245,"column":38},"end":{"line":245,"column":68}},{"start":{"line":245,"column":72},"end":{"line":245,"column":99}},{"start":{"line":245,"column":103},"end":{"line":245,"column":129}},{"start":{"line":245,"column":133},"end":{"line":245,"column":160}}]},"34":{"loc":{"start":{"line":248,"column":6},"end":{"line":248,"column":97}},"type":"if","locations":[{"start":{"line":248,"column":6},"end":{"line":248,"column":97}},{"start":{},"end":{}}]},"35":{"loc":{"start":{"line":264,"column":4},"end":{"line":275,"column":5}},"type":"if","locations":[{"start":{"line":264,"column":4},"end":{"line":275,"column":5}},{"start":{},"end":{}}]},"36":{"loc":{"start":{"line":264,"column":8},"end":{"line":264,"column":61}},"type":"binary-expr","locations":[{"start":{"line":264,"column":8},"end":{"line":264,"column":27}},{"start":{"line":264,"column":31},"end":{"line":264,"column":61}}]},"37":{"loc":{"start":{"line":285,"column":4},"end":{"line":287,"column":5}},"type":"if","locations":[{"start":{"line":285,"column":4},"end":{"line":287,"column":5}},{"start":{},"end":{}}]},"38":{"loc":{"start":{"line":285,"column":8},"end":{"line":285,"column":60}},"type":"binary-expr","locations":[{"start":{"line":285,"column":8},"end":{"line":285,"column":33}},{"start":{"line":285,"column":37},"end":{"line":285,"column":60}}]},"39":{"loc":{"start":{"line":294,"column":4},"end":{"line":296,"column":5}},"type":"if","locations":[{"start":{"line":294,"column":4},"end":{"line":296,"column":5}},{"start":{},"end":{}}]}},"s":{"0":10,"1":10,"2":10,"3":10,"4":10,"5":5,"6":5,"7":0,"8":0,"9":0,"10":0,"11":5,"12":7,"13":7,"14":0,"15":7,"16":8,"17":7,"18":7,"19":1,"20":6,"21":4,"22":4,"23":0,"24":4,"25":0,"26":0,"27":0,"28":0,"29":0,"30":4,"31":4,"32":4,"33":4,"34":0,"35":0,"36":4,"37":4,"38":0,"39":0,"40":0,"41":0,"42":0,"43":0,"44":0,"45":0,"46":0,"47":0,"48":0,"49":0,"50":0,"51":0,"52":0,"53":1,"54":0,"55":0,"56":0,"57":0,"58":0,"59":0,"60":2,"61":2,"62":0,"63":2,"64":2,"65":0,"66":2,"67":2,"68":2,"69":2,"70":2,"71":0,"72":0,"73":2,"74":0,"75":2,"76":0,"77":0,"78":2,"79":0,"80":2,"81":1,"82":0,"83":0,"84":1,"85":1,"86":1,"87":1,"88":0,"89":0,"90":1,"91":0,"92":0,"93":0,"94":0,"95":0,"96":0,"97":0,"98":0,"99":0,"100":1,"101":1,"102":1,"103":0,"104":0,"105":1,"106":1,"107":0,"108":0,"109":0,"110":0,"111":0,"112":0,"113":0,"114":0,"115":10},"f":{"0":5,"1":7,"2":8,"3":4,"4":0,"5":0,"6":0,"7":0,"8":1,"9":2,"10":1,"11":0,"12":0},"b":{"0":[0,5],"1":[0,0],"2":[0,0],"3":[0,7],"4":[1,6],"5":[0,4],"6":[0,4],"7":[0,0],"8":[4,4],"9":[4,4],"10":[0,4],"11":[4,0],"12":[0,0],"13":[0,0],"14":[0,0],"15":[0,0],"16":[0,0],"17":[0,0],"18":[0,0],"19":[0,2],"20":[0,2],"21":[2,0],"22":[2,0],"23":[0,2],"24":[0,2],"25":[0,2],"26":[0,2],"27":[1,1],"28":[0,1],"29":[1,0],"30":[0,1],"31":[0,0],"32":[0,0],"33":[0,0,0,0,0],"34":[0,0],"35":[0,1],"36":[1,0],"37":[0,0],"38":[0,0],"39":[0,0]}}
,"C:\\Projects\\cobly\\backend\\src\\services\\userService.ts": {"path":"C:\\Projects\\cobly\\backend\\src\\services\\userService.ts","statementMap":{"0":{"start":{"line":1,"column":0},"end":{"line":1,"column":45}},"1":{"start":{"line":18,"column":4},"end":{"line":25,"column":6}},"2":{"start":{"line":32,"column":17},"end":{"line":32,"column":44}},"3":{"start":{"line":33,"column":4},"end":{"line":35,"column":5}},"4":{"start":{"line":34,"column":6},"end":{"line":34,"column":40}},"5":{"start":{"line":37,"column":4},"end":{"line":37,"column":33}},"6":{"start":{"line":12,"column":0},"end":{"line":12,"column":13}}},"fnMap":{"0":{"name":"(anonymous_1)","decl":{"start":{"line":17,"column":2},"end":{"line":17,"column":8}},"loc":{"start":{"line":17,"column":31},"end":{"line":26,"column":3}}},"1":{"name":"(anonymous_2)","decl":{"start":{"line":31,"column":2},"end":{"line":31,"column":8}},"loc":{"start":{"line":31,"column":44},"end":{"line":38,"column":3}}}},"branchMap":{"0":{"loc":{"start":{"line":33,"column":4},"end":{"line":35,"column":5}},"type":"if","locations":[{"start":{"line":33,"column":4},"end":{"line":35,"column":5}},{"start":{},"end":{}}]}},"s":{"0":10,"1":2,"2":2,"3":2,"4":0,"5":2,"6":10},"f":{"0":2,"1":2},"b":{"0":[0,2]}}
,"C:\\Projects\\cobly\\backend\\src\\services\\workspaceService.ts": {"path":"C:\\Projects\\cobly\\backend\\src\\services\\workspaceService.ts","statementMap":{"0":{"start":{"line":1,"column":0},"end":{"line":1,"column":32}},"1":{"start":{"line":2,"column":0},"end":{"line":2,"column":60}},"2":{"start":{"line":3,"column":0},"end":{"line":3,"column":34}},"3":{"start":{"line":4,"column":0},"end":{"line":4,"column":52}},"4":{"start":{"line":22,"column":4},"end":{"line":30,"column":6}},"5":{"start":{"line":34,"column":22},"end":{"line":39,"column":6}},"6":{"start":{"line":41,"column":4},"end":{"line":41,"column":27}},"7":{"start":{"line":44,"column":4},"end":{"line":51,"column":7}},"8":{"start":{"line":53,"column":4},"end":{"line":53,"column":43}},"9":{"start":{"line":57,"column":23},"end":{"line":57,"column":100}},"10":{"start":{"line":58,"column":4},"end":{"line":58,"column":56}},"11":{"start":{"line":58,"column":31},"end":{"line":58,"column":54}},"12":{"start":{"line":65,"column":22},"end":{"line":65,"column":59}},"13":{"start":{"line":66,"column":4},"end":{"line":68,"column":5}},"14":{"start":{"line":67,"column":6},"end":{"line":67,"column":35}},"15":{"start":{"line":70,"column":21},"end":{"line":70,"column":78}},"16":{"start":{"line":70,"column":49},"end":{"line":70,"column":77}},"17":{"start":{"line":71,"column":4},"end":{"line":73,"column":5}},"18":{"start":{"line":72,"column":6},"end":{"line":72,"column":35}},"19":{"start":{"line":75,"column":4},"end":{"line":75,"column":43}},"20":{"start":{"line":82,"column":22},"end":{"line":82,"column":59}},"21":{"start":{"line":83,"column":4},"end":{"line":85,"column":5}},"22":{"start":{"line":84,"column":6},"end":{"line":84,"column":35}},"23":{"start":{"line":87,"column":19},"end":{"line":87,"column":76}},"24":{"start":{"line":87,"column":47},"end":{"line":87,"column":75}},"25":{"start":{"line":88,"column":4},"end":{"line":90,"column":5}},"26":{"start":{"line":89,"column":6},"end":{"line":89,"column":35}},"27":{"start":{"line":92,"column":4},"end":{"line":92,"column":60}},"28":{"start":{"line":92,"column":33},"end":{"line":92,"column":60}},"29":{"start":{"line":93,"column":4},"end":{"line":93,"column":81}},"30":{"start":{"line":93,"column":40},"end":{"line":93,"column":81}},"31":{"start":{"line":95,"column":4},"end":{"line":95,"column":27}},"32":{"start":{"line":98,"column":4},"end":{"line":104,"column":7}},"33":{"start":{"line":106,"column":4},"end":{"line":106,"column":43}},"34":{"start":{"line":113,"column":22},"end":{"line":113,"column":59}},"35":{"start":{"line":114,"column":4},"end":{"line":116,"column":5}},"36":{"start":{"line":115,"column":6},"end":{"line":115,"column":35}},"37":{"start":{"line":118,"column":19},"end":{"line":118,"column":76}},"38":{"start":{"line":118,"column":47},"end":{"line":118,"column":75}},"39":{"start":{"line":119,"column":4},"end":{"line":121,"column":5}},"40":{"start":{"line":120,"column":6},"end":{"line":120,"column":35}},"41":{"start":{"line":123,"column":4},"end":{"line":123,"column":54}},"42":{"start":{"line":129,"column":22},"end":{"line":129,"column":98}},"43":{"start":{"line":130,"column":4},"end":{"line":130,"column":49}},"44":{"start":{"line":130,"column":20},"end":{"line":130,"column":49}},"45":{"start":{"line":132,"column":21},"end":{"line":132,"column":82}},"46":{"start":{"line":132,"column":49},"end":{"line":132,"column":81}},"47":{"start":{"line":133,"column":4},"end":{"line":133,"column":48}},"48":{"start":{"line":133,"column":19},"end":{"line":133,"column":48}},"49":{"start":{"line":135,"column":4},"end":{"line":143,"column":7}},"50":{"start":{"line":136,"column":16},"end":{"line":136,"column":29}},"51":{"start":{"line":137,"column":6},"end":{"line":142,"column":8}},"52":{"start":{"line":147,"column":22},"end":{"line":147,"column":59}},"53":{"start":{"line":148,"column":4},"end":{"line":148,"column":49}},"54":{"start":{"line":148,"column":20},"end":{"line":148,"column":49}},"55":{"start":{"line":150,"column":22},"end":{"line":150,"column":84}},"56":{"start":{"line":150,"column":50},"end":{"line":150,"column":83}},"57":{"start":{"line":151,"column":4},"end":{"line":151,"column":79}},"58":{"start":{"line":151,"column":50},"end":{"line":151,"column":79}},"59":{"start":{"line":154,"column":19},"end":{"line":154,"column":52}},"60":{"start":{"line":155,"column":4},"end":{"line":155,"column":51}},"61":{"start":{"line":155,"column":17},"end":{"line":155,"column":51}},"62":{"start":{"line":157,"column":26},"end":{"line":157,"column":89}},"63":{"start":{"line":157,"column":54},"end":{"line":157,"column":88}},"64":{"start":{"line":158,"column":4},"end":{"line":158,"column":57}},"65":{"start":{"line":158,"column":23},"end":{"line":158,"column":57}},"66":{"start":{"line":160,"column":4},"end":{"line":160,"column":96}},"67":{"start":{"line":161,"column":4},"end":{"line":161,"column":27}},"68":{"start":{"line":163,"column":4},"end":{"line":170,"column":7}},"69":{"start":{"line":172,"column":4},"end":{"line":181,"column":5}},"70":{"start":{"line":173,"column":38},"end":{"line":173,"column":78}},"71":{"start":{"line":174,"column":6},"end":{"line":180,"column":9}},"72":{"start":{"line":185,"column":22},"end":{"line":185,"column":59}},"73":{"start":{"line":186,"column":4},"end":{"line":186,"column":49}},"74":{"start":{"line":186,"column":20},"end":{"line":186,"column":49}},"75":{"start":{"line":188,"column":22},"end":{"line":188,"column":84}},"76":{"start":{"line":188,"column":50},"end":{"line":188,"column":83}},"77":{"start":{"line":189,"column":4},"end":{"line":189,"column":79}},"78":{"start":{"line":189,"column":50},"end":{"line":189,"column":79}},"79":{"start":{"line":191,"column":24},"end":{"line":191,"column":92}},"80":{"start":{"line":191,"column":57},"end":{"line":191,"column":91}},"81":{"start":{"line":192,"column":4},"end":{"line":192,"column":64}},"82":{"start":{"line":192,"column":28},"end":{"line":192,"column":64}},"83":{"start":{"line":194,"column":4},"end":{"line":196,"column":5}},"84":{"start":{"line":195,"column":6},"end":{"line":195,"column":45}},"85":{"start":{"line":198,"column":4},"end":{"line":198,"column":45}},"86":{"start":{"line":199,"column":4},"end":{"line":199,"column":27}},"87":{"start":{"line":201,"column":4},"end":{"line":207,"column":7}},"88":{"start":{"line":16,"column":0},"end":{"line":16,"column":13}}},"fnMap":{"0":{"name":"(anonymous_7)","decl":{"start":{"line":21,"column":2},"end":{"line":21,"column":8}},"loc":{"start":{"line":21,"column":46},"end":{"line":31,"column":3}}},"1":{"name":"(anonymous_8)","decl":{"start":{"line":33,"column":2},"end":{"line":33,"column":8}},"loc":{"start":{"line":33,"column":91},"end":{"line":54,"column":3}}},"2":{"name":"(anonymous_9)","decl":{"start":{"line":56,"column":2},"end":{"line":56,"column":8}},"loc":{"start":{"line":56,"column":50},"end":{"line":59,"column":3}}},"3":{"name":"(anonymous_10)","decl":{"start":{"line":58,"column":26},"end":{"line":58,"column":27}},"loc":{"start":{"line":58,"column":31},"end":{"line":58,"column":54}}},"4":{"name":"(anonymous_11)","decl":{"start":{"line":64,"column":2},"end":{"line":64,"column":8}},"loc":{"start":{"line":64,"column":67},"end":{"line":76,"column":3}}},"5":{"name":"(anonymous_12)","decl":{"start":{"line":70,"column":44},"end":{"line":70,"column":45}},"loc":{"start":{"line":70,"column":49},"end":{"line":70,"column":77}}},"6":{"name":"(anonymous_13)","decl":{"start":{"line":81,"column":2},"end":{"line":81,"column":8}},"loc":{"start":{"line":81,"column":113},"end":{"line":107,"column":3}}},"7":{"name":"(anonymous_14)","decl":{"start":{"line":87,"column":42},"end":{"line":87,"column":43}},"loc":{"start":{"line":87,"column":47},"end":{"line":87,"column":75}}},"8":{"name":"(anonymous_15)","decl":{"start":{"line":112,"column":2},"end":{"line":112,"column":8}},"loc":{"start":{"line":112,"column":66},"end":{"line":124,"column":3}}},"9":{"name":"(anonymous_16)","decl":{"start":{"line":118,"column":42},"end":{"line":118,"column":43}},"loc":{"start":{"line":118,"column":47},"end":{"line":118,"column":75}}},"10":{"name":"(anonymous_17)","decl":{"start":{"line":128,"column":2},"end":{"line":128,"column":8}},"loc":{"start":{"line":128,"column":61},"end":{"line":144,"column":3}}},"11":{"name":"(anonymous_18)","decl":{"start":{"line":132,"column":44},"end":{"line":132,"column":45}},"loc":{"start":{"line":132,"column":49},"end":{"line":132,"column":81}}},"12":{"name":"(anonymous_19)","decl":{"start":{"line":135,"column":33},"end":{"line":135,"column":34}},"loc":{"start":{"line":135,"column":37},"end":{"line":143,"column":5}}},"13":{"name":"(anonymous_20)","decl":{"start":{"line":146,"column":2},"end":{"line":146,"column":8}},"loc":{"start":{"line":146,"column":87},"end":{"line":182,"column":3}}},"14":{"name":"(anonymous_21)","decl":{"start":{"line":150,"column":45},"end":{"line":150,"column":46}},"loc":{"start":{"line":150,"column":50},"end":{"line":150,"column":83}}},"15":{"name":"(anonymous_22)","decl":{"start":{"line":157,"column":49},"end":{"line":157,"column":50}},"loc":{"start":{"line":157,"column":54},"end":{"line":157,"column":88}}},"16":{"name":"(anonymous_23)","decl":{"start":{"line":173,"column":38},"end":{"line":173,"column":51}},"loc":{"start":{"line":173,"column":38},"end":{"line":173,"column":78}}},"17":{"name":"(anonymous_24)","decl":{"start":{"line":184,"column":2},"end":{"line":184,"column":8}},"loc":{"start":{"line":184,"column":90},"end":{"line":208,"column":3}}},"18":{"name":"(anonymous_25)","decl":{"start":{"line":188,"column":45},"end":{"line":188,"column":46}},"loc":{"start":{"line":188,"column":50},"end":{"line":188,"column":83}}},"19":{"name":"(anonymous_26)","decl":{"start":{"line":191,"column":52},"end":{"line":191,"column":53}},"loc":{"start":{"line":191,"column":57},"end":{"line":191,"column":91}}}},"branchMap":{"0":{"loc":{"start":{"line":66,"column":4},"end":{"line":68,"column":5}},"type":"if","locations":[{"start":{"line":66,"column":4},"end":{"line":68,"column":5}},{"start":{},"end":{}}]},"1":{"loc":{"start":{"line":71,"column":4},"end":{"line":73,"column":5}},"type":"if","locations":[{"start":{"line":71,"column":4},"end":{"line":73,"column":5}},{"start":{},"end":{}}]},"2":{"loc":{"start":{"line":83,"column":4},"end":{"line":85,"column":5}},"type":"if","locations":[{"start":{"line":83,"column":4},"end":{"line":85,"column":5}},{"start":{},"end":{}}]},"3":{"loc":{"start":{"line":88,"column":4},"end":{"line":90,"column":5}},"type":"if","locations":[{"start":{"line":88,"column":4},"end":{"line":90,"column":5}},{"start":{},"end":{}}]},"4":{"loc":{"start":{"line":88,"column":8},"end":{"line":88,"column":42}},"type":"binary-expr","locations":[{"start":{"line":88,"column":8},"end":{"line":88,"column":15}},{"start":{"line":88,"column":19},"end":{"line":88,"column":42}}]},"5":{"loc":{"start":{"line":92,"column":4},"end":{"line":92,"column":60}},"type":"if","locations":[{"start":{"line":92,"column":4},"end":{"line":92,"column":60}},{"start":{},"end":{}}]},"6":{"loc":{"start":{"line":93,"column":4},"end":{"line":93,"column":81}},"type":"if","locations":[{"start":{"line":93,"column":4},"end":{"line":93,"column":81}},{"start":{},"end":{}}]},"7":{"loc":{"start":{"line":114,"column":4},"end":{"line":116,"column":5}},"type":"if","locations":[{"start":{"line":114,"column":4},"end":{"line":116,"column":5}},{"start":{},"end":{}}]},"8":{"loc":{"start":{"line":119,"column":4},"end":{"line":121,"column":5}},"type":"if","locations":[{"start":{"line":119,"column":4},"end":{"line":121,"column":5}},{"start":{},"end":{}}]},"9":{"loc":{"start":{"line":119,"column":8},"end":{"line":119,"column":42}},"type":"binary-expr","locations":[{"start":{"line":119,"column":8},"end":{"line":119,"column":15}},{"start":{"line":119,"column":19},"end":{"line":119,"column":42}}]},"10":{"loc":{"start":{"line":130,"column":4},"end":{"line":130,"column":49}},"type":"if","locations":[{"start":{"line":130,"column":4},"end":{"line":130,"column":49}},{"start":{},"end":{}}]},"11":{"loc":{"start":{"line":133,"column":4},"end":{"line":133,"column":48}},"type":"if","locations":[{"start":{"line":133,"column":4},"end":{"line":133,"column":48}},{"start":{},"end":{}}]},"12":{"loc":{"start":{"line":148,"column":4},"end":{"line":148,"column":49}},"type":"if","locations":[{"start":{"line":148,"column":4},"end":{"line":148,"column":49}},{"start":{},"end":{}}]},"13":{"loc":{"start":{"line":151,"column":4},"end":{"line":151,"column":79}},"type":"if","locations":[{"start":{"line":151,"column":4},"end":{"line":151,"column":79}},{"start":{},"end":{}}]},"14":{"loc":{"start":{"line":151,"column":8},"end":{"line":151,"column":48}},"type":"binary-expr","locations":[{"start":{"line":151,"column":8},"end":{"line":151,"column":18}},{"start":{"line":151,"column":22},"end":{"line":151,"column":48}}]},"15":{"loc":{"start":{"line":155,"column":4},"end":{"line":155,"column":51}},"type":"if","locations":[{"start":{"line":155,"column":4},"end":{"line":155,"column":51}},{"start":{},"end":{}}]},"16":{"loc":{"start":{"line":158,"column":4},"end":{"line":158,"column":57}},"type":"if","locations":[{"start":{"line":158,"column":4},"end":{"line":158,"column":57}},{"start":{},"end":{}}]},"17":{"loc":{"start":{"line":172,"column":4},"end":{"line":181,"column":5}},"type":"if","locations":[{"start":{"line":172,"column":4},"end":{"line":181,"column":5}},{"start":{},"end":{}}]},"18":{"loc":{"start":{"line":186,"column":4},"end":{"line":186,"column":49}},"type":"if","locations":[{"start":{"line":186,"column":4},"end":{"line":186,"column":49}},{"start":{},"end":{}}]},"19":{"loc":{"start":{"line":189,"column":4},"end":{"line":189,"column":79}},"type":"if","locations":[{"start":{"line":189,"column":4},"end":{"line":189,"column":79}},{"start":{},"end":{}}]},"20":{"loc":{"start":{"line":189,"column":8},"end":{"line":189,"column":48}},"type":"binary-expr","locations":[{"start":{"line":189,"column":8},"end":{"line":189,"column":18}},{"start":{"line":189,"column":22},"end":{"line":189,"column":48}}]},"21":{"loc":{"start":{"line":192,"column":4},"end":{"line":192,"column":64}},"type":"if","locations":[{"start":{"line":192,"column":4},"end":{"line":192,"column":64}},{"start":{},"end":{}}]},"22":{"loc":{"start":{"line":194,"column":4},"end":{"line":196,"column":5}},"type":"if","locations":[{"start":{"line":194,"column":4},"end":{"line":196,"column":5}},{"start":{},"end":{}}]}},"s":{"0":10,"1":10,"2":10,"3":10,"4":32,"5":31,"6":31,"7":31,"8":31,"9":2,"10":2,"11":1,"12":1,"13":1,"14":0,"15":1,"16":1,"17":1,"18":1,"19":0,"20":0,"21":0,"22":0,"23":0,"24":0,"25":0,"26":0,"27":0,"28":0,"29":0,"30":0,"31":0,"32":0,"33":0,"34":0,"35":0,"36":0,"37":0,"38":0,"39":0,"40":0,"41":0,"42":1,"43":1,"44":0,"45":1,"46":1,"47":1,"48":0,"49":1,"50":1,"51":1,"52":15,"53":15,"54":0,"55":15,"56":16,"57":15,"58":1,"59":14,"60":14,"61":0,"62":14,"63":15,"64":14,"65":1,"66":13,"67":13,"68":13,"69":13,"70":26,"71":13,"72":2,"73":2,"74":0,"75":2,"76":2,"77":2,"78":0,"79":2,"80":3,"81":2,"82":0,"83":2,"84":1,"85":1,"86":1,"87":1,"88":10},"f":{"0":32,"1":31,"2":2,"3":1,"4":1,"5":1,"6":0,"7":0,"8":0,"9":0,"10":1,"11":1,"12":1,"13":15,"14":16,"15":15,"16":13,"17":2,"18":2,"19":3},"b":{"0":[0,1],"1":[1,0],"2":[0,0],"3":[0,0],"4":[0,0],"5":[0,0],"6":[0,0],"7":[0,0],"8":[0,0],"9":[0,0],"10":[0,1],"11":[0,1],"12":[0,15],"13":[1,14],"14":[15,15],"15":[0,14],"16":[1,13],"17":[13,0],"18":[0,2],"19":[0,2],"20":[2,2],"21":[0,2],"22":[1,1]}}
,"C:\\Projects\\cobly\\backend\\src\\types\\express\\index.d.ts": {"path":"C:\\Projects\\cobly\\backend\\src\\types\\express\\index.d.ts","statementMap":{},"fnMap":{},"branchMap":{},"s":{},"f":{},"b":{}}
}
