TN:
SF:src\app.ts
FNF:0
FNH:0
DA:1,1
DA:2,1
DA:3,1
DA:4,1
DA:5,1
DA:6,1
DA:7,1
DA:8,1
DA:9,1
DA:11,1
DA:14,1
DA:15,0
DA:19,1
DA:22,1
DA:26,1
DA:29,1
DA:38,1
DA:41,1
DA:44,1
DA:47,1
DA:50,1
DA:53,1
DA:55,1
LF:23
LH:22
BRDA:14,0,0,0
BRDA:14,0,1,1
BRDA:23,1,0,0
BRDA:23,1,1,1
BRDA:31,2,0,1
BRDA:31,2,1,0
BRF:6
BRH:3
end_of_record
TN:
SF:src\controllers\activityController.ts
FN:5,(anonymous_0)
FN:17,(anonymous_1)
FNF:2
FNH:1
FNDA:0,(anonymous_0)
FNDA:1,(anonymous_1)
DA:2,10
DA:4,10
DA:6,0
DA:7,0
DA:8,0
DA:10,0
DA:11,0
DA:12,0
DA:14,0
DA:18,1
DA:19,1
DA:20,1
DA:21,1
DA:23,0
LF:14
LH:6
BRDA:6,0,0,0
BRDA:6,0,1,0
BRDA:6,1,0,0
BRDA:6,1,1,0
BRDA:10,2,0,0
BRDA:10,2,1,0
BRDA:10,3,0,0
BRDA:10,3,1,0
BRF:8
BRH:0
end_of_record
TN:
SF:src\controllers\authController.ts
FN:5,(anonymous_0)
FN:27,(anonymous_1)
FNF:2
FNH:2
FNDA:68,(anonymous_0)
FNDA:69,(anonymous_1)
DA:2,10
DA:4,10
DA:6,68
DA:7,68
DA:8,68
DA:10,67
DA:19,1
DA:20,1
DA:21,1
DA:23,0
DA:28,69
DA:29,69
DA:30,69
DA:32,67
DA:42,2
DA:43,2
DA:44,2
DA:46,0
LF:18
LH:16
BRDA:19,0,0,1
BRDA:19,0,1,0
BRDA:19,1,0,1
BRDA:19,1,1,1
BRDA:42,2,0,2
BRDA:42,2,1,0
BRDA:42,3,0,2
BRDA:42,3,1,2
BRF:8
BRH:6
end_of_record
TN:
SF:src\controllers\commentController.ts
FN:5,(anonymous_0)
FN:29,(anonymous_1)
FN:45,(anonymous_2)
FN:58,(anonymous_3)
FN:75,(anonymous_4)
FNF:5
FNH:2
FNDA:1,(anonymous_0)
FNDA:2,(anonymous_1)
FNDA:0,(anonymous_2)
FNDA:0,(anonymous_3)
FNDA:0,(anonymous_4)
DA:2,10
DA:4,10
DA:6,1
DA:7,0
DA:8,0
DA:10,1
DA:11,0
DA:12,0
DA:14,1
DA:15,0
DA:16,0
DA:18,1
DA:19,0
DA:20,0
DA:22,1
DA:23,1
DA:24,1
DA:26,0
DA:30,2
DA:31,2
DA:32,2
DA:33,2
DA:34,2
DA:36,2
DA:39,1
DA:41,1
DA:46,0
DA:47,0
DA:48,0
DA:49,0
DA:51,0
DA:52,0
DA:54,0
DA:59,0
DA:60,0
DA:61,0
DA:62,0
DA:63,0
DA:64,0
DA:66,0
DA:69,0
DA:71,0
DA:76,0
DA:77,0
DA:78,0
DA:79,0
DA:80,0
DA:82,0
DA:83,0
DA:85,0
LF:50
LH:17
BRDA:6,0,0,0
BRDA:6,0,1,1
BRDA:6,1,0,1
BRDA:6,1,1,1
BRDA:10,2,0,0
BRDA:10,2,1,1
BRDA:10,3,0,1
BRDA:10,3,1,1
BRDA:14,4,0,0
BRDA:14,4,1,1
BRDA:14,5,0,1
BRDA:14,5,1,1
BRDA:18,6,0,0
BRDA:18,6,1,1
BRDA:18,7,0,1
BRDA:18,7,1,1
BRDA:22,8,0,1
BRDA:22,8,1,0
BRDA:22,9,0,1
BRDA:22,9,1,1
BRF:20
BRH:15
end_of_record
TN:
SF:src\controllers\discussionController.ts
FN:5,(anonymous_0)
FN:25,(anonymous_1)
FN:40,(anonymous_2)
FN:57,(anonymous_3)
FN:70,(anonymous_4)
FN:86,(anonymous_5)
FNF:6
FNH:1
FNDA:0,(anonymous_0)
FNDA:2,(anonymous_1)
FNDA:0,(anonymous_2)
FNDA:0,(anonymous_3)
FNDA:0,(anonymous_4)
FNDA:0,(anonymous_5)
DA:2,10
DA:4,10
DA:6,0
DA:7,0
DA:8,0
DA:10,0
DA:11,0
DA:12,0
DA:14,0
DA:15,0
DA:16,0
DA:18,0
DA:19,0
DA:20,0
DA:22,0
DA:26,2
DA:27,2
DA:28,2
DA:29,2
DA:31,2
DA:34,2
DA:36,0
DA:41,0
DA:42,0
DA:43,0
DA:45,0
DA:46,0
DA:47,0
DA:50,0
DA:51,0
DA:53,0
DA:58,0
DA:59,0
DA:60,0
DA:61,0
DA:63,0
DA:64,0
DA:66,0
DA:71,0
DA:72,0
DA:73,0
DA:74,0
DA:75,0
DA:77,0
DA:80,0
DA:82,0
DA:87,0
DA:88,0
DA:89,0
DA:90,0
DA:92,0
DA:93,0
DA:95,0
LF:53
LH:8
BRDA:6,0,0,0
BRDA:6,0,1,0
BRDA:6,1,0,0
BRDA:6,1,1,0
BRDA:10,2,0,0
BRDA:10,2,1,0
BRDA:10,3,0,0
BRDA:10,3,1,0
BRDA:14,4,0,0
BRDA:14,4,1,0
BRDA:14,5,0,0
BRDA:14,5,1,0
BRDA:18,6,0,0
BRDA:18,6,1,0
BRDA:18,7,0,0
BRDA:18,7,1,0
BRDA:46,8,0,0
BRDA:46,8,1,0
BRDA:46,9,0,0
BRDA:46,9,1,0
BRF:20
BRH:0
end_of_record
TN:
SF:src\controllers\meetingController.ts
FN:5,(anonymous_0)
FN:33,(anonymous_1)
FN:47,(anonymous_2)
FN:60,(anonymous_3)
FN:72,(anonymous_4)
FN:87,(anonymous_5)
FNF:6
FNH:2
FNDA:2,(anonymous_0)
FNDA:2,(anonymous_1)
FNDA:0,(anonymous_2)
FNDA:0,(anonymous_3)
FNDA:0,(anonymous_4)
FNDA:0,(anonymous_5)
DA:2,10
DA:4,10
DA:6,2
DA:7,0
DA:8,0
DA:10,2
DA:11,0
DA:12,0
DA:14,2
DA:15,0
DA:16,0
DA:18,2
DA:19,0
DA:20,0
DA:22,2
DA:23,1
DA:24,1
DA:26,1
DA:27,1
DA:28,1
DA:30,0
DA:34,2
DA:35,2
DA:36,2
DA:38,2
DA:41,0
DA:43,2
DA:48,0
DA:49,0
DA:50,0
DA:51,0
DA:53,0
DA:54,0
DA:56,0
DA:61,0
DA:62,0
DA:63,0
DA:65,0
DA:66,0
DA:68,0
DA:73,0
DA:74,0
DA:75,0
DA:76,0
DA:78,0
DA:81,0
DA:83,0
DA:88,0
DA:89,0
DA:90,0
DA:92,0
DA:93,0
DA:95,0
LF:53
LH:17
BRDA:6,0,0,0
BRDA:6,0,1,2
BRDA:6,1,0,2
BRDA:6,1,1,2
BRDA:10,2,0,0
BRDA:10,2,1,2
BRDA:10,3,0,2
BRDA:10,3,1,2
BRDA:14,4,0,0
BRDA:14,4,1,2
BRDA:14,5,0,2
BRDA:14,5,1,2
BRDA:18,6,0,0
BRDA:18,6,1,2
BRDA:18,7,0,2
BRDA:18,7,1,2
BRDA:22,8,0,1
BRDA:22,8,1,1
BRDA:22,9,0,2
BRDA:22,9,1,2
BRDA:26,10,0,1
BRDA:26,10,1,0
BRDA:26,11,0,1
BRDA:26,11,1,1
BRF:24
BRH:19
end_of_record
TN:
SF:src\controllers\notificationController.ts
FN:5,(anonymous_0)
FN:13,(anonymous_1)
FN:28,(anonymous_2)
FN:38,(anonymous_3)
FN:47,(anonymous_4)
FNF:5
FNH:4
FNDA:2,(anonymous_0)
FNDA:7,(anonymous_1)
FNDA:1,(anonymous_2)
FNDA:0,(anonymous_3)
FNDA:1,(anonymous_4)
DA:2,10
DA:4,10
DA:6,2
DA:7,2
DA:8,2
DA:10,0
DA:14,7
DA:15,7
DA:16,7
DA:17,7
DA:18,0
DA:21,7
DA:22,7
DA:24,0
DA:29,1
DA:30,1
DA:31,1
DA:32,0
DA:34,1
DA:39,0
DA:40,0
DA:41,0
DA:43,0
DA:48,1
DA:49,1
DA:50,1
DA:51,0
DA:53,1
LF:28
LH:19
BRDA:6,0,0,2
BRDA:6,0,1,0
BRDA:6,1,0,2
BRDA:6,1,1,2
BRDA:17,2,0,0
BRDA:17,2,1,7
BRDA:17,3,0,7
BRDA:17,3,1,0
BRF:8
BRH:5
end_of_record
TN:
SF:src\controllers\projectController.ts
FN:5,(anonymous_0)
FN:21,(anonymous_1)
FN:32,(anonymous_2)
FN:42,(anonymous_3)
FN:53,(anonymous_4)
FN:65,(anonymous_5)
FNF:6
FNH:6
FNDA:4,(anonymous_0)
FNDA:13,(anonymous_1)
FNDA:1,(anonymous_2)
FNDA:2,(anonymous_3)
FNDA:1,(anonymous_4)
FNDA:2,(anonymous_5)
DA:2,10
DA:4,10
DA:6,4
DA:7,0
DA:8,0
DA:10,4
DA:11,1
DA:12,1
DA:14,3
DA:15,3
DA:16,3
DA:18,0
DA:22,13
DA:23,13
DA:24,13
DA:25,13
DA:26,13
DA:28,0
DA:33,1
DA:34,1
DA:35,1
DA:36,0
DA:38,1
DA:43,2
DA:44,2
DA:45,2
DA:46,2
DA:47,1
DA:49,1
DA:54,1
DA:55,1
DA:56,1
DA:57,1
DA:58,1
DA:59,0
DA:61,1
DA:66,2
DA:67,2
DA:68,2
DA:69,2
DA:70,1
DA:72,1
LF:42
LH:36
BRDA:6,0,0,0
BRDA:6,0,1,4
BRDA:6,1,0,4
BRDA:6,1,1,4
BRDA:10,2,0,1
BRDA:10,2,1,3
BRDA:10,3,0,4
BRDA:10,3,1,4
BRDA:14,4,0,3
BRDA:14,4,1,0
BRDA:14,5,0,3
BRDA:14,5,1,3
BRF:12
BRH:10
end_of_record
TN:
SF:src\controllers\taskController.ts
FN:5,(anonymous_0)
FN:33,(anonymous_1)
FN:45,(anonymous_2)
FN:57,(anonymous_3)
FN:69,(anonymous_4)
FN:82,(anonymous_5)
FNF:6
FNH:4
FNDA:2,(anonymous_0)
FNDA:4,(anonymous_1)
FNDA:0,(anonymous_2)
FNDA:1,(anonymous_3)
FNDA:2,(anonymous_4)
FNDA:0,(anonymous_5)
DA:2,10
DA:4,10
DA:6,2
DA:7,0
DA:8,0
DA:10,2
DA:11,1
DA:12,1
DA:14,1
DA:15,0
DA:16,0
DA:18,1
DA:19,0
DA:20,0
DA:22,1
DA:23,0
DA:24,0
DA:26,1
DA:27,1
DA:28,1
DA:30,0
DA:34,4
DA:35,4
DA:36,4
DA:37,4
DA:38,4
DA:39,4
DA:41,0
DA:46,0
DA:47,0
DA:48,0
DA:49,0
DA:50,0
DA:51,0
DA:53,0
DA:58,1
DA:59,1
DA:60,1
DA:61,1
DA:62,1
DA:63,0
DA:65,1
DA:70,2
DA:71,2
DA:72,2
DA:73,2
DA:74,2
DA:75,2
DA:76,1
DA:78,1
DA:83,0
DA:84,0
DA:85,0
DA:86,0
DA:87,0
DA:88,0
DA:90,0
LF:57
LH:32
BRDA:6,0,0,0
BRDA:6,0,1,2
BRDA:6,1,0,2
BRDA:6,1,1,2
BRDA:10,2,0,1
BRDA:10,2,1,1
BRDA:10,3,0,2
BRDA:10,3,1,2
BRDA:14,4,0,0
BRDA:14,4,1,1
BRDA:14,5,0,1
BRDA:14,5,1,1
BRDA:18,6,0,0
BRDA:18,6,1,1
BRDA:18,7,0,1
BRDA:18,7,1,1
BRDA:22,8,0,0
BRDA:22,8,1,1
BRDA:22,9,0,1
BRDA:22,9,1,1
BRDA:26,10,0,1
BRDA:26,10,1,0
BRDA:26,11,0,1
BRDA:26,11,1,1
BRF:24
BRH:19
end_of_record
TN:
SF:src\controllers\userController.ts
FN:8,(anonymous_0)
FNF:1
FNH:1
FNDA:2,(anonymous_0)
DA:2,10
DA:4,10
DA:9,2
DA:10,2
DA:11,0
DA:12,0
DA:15,2
DA:17,2
DA:19,0
DA:20,0
DA:21,0
DA:23,0
LF:12
LH:6
BRDA:10,0,0,0
BRDA:10,0,1,2
BRDA:10,1,0,2
BRDA:10,1,1,2
BRDA:19,2,0,0
BRDA:19,2,1,0
BRDA:19,3,0,0
BRDA:19,3,1,0
BRF:8
BRH:3
end_of_record
TN:
SF:src\controllers\workspaceController.ts
FN:6,(anonymous_0)
FN:18,(anonymous_1)
FN:28,(anonymous_2)
FN:37,(anonymous_3)
FN:47,(anonymous_4)
FN:58,(anonymous_5)
FN:70,(anonymous_6)
FN:80,(anonymous_7)
FN:100,(anonymous_8)
FNF:9
FNH:7
FNDA:2,(anonymous_0)
FNDA:31,(anonymous_1)
FNDA:2,(anonymous_2)
FNDA:1,(anonymous_3)
FNDA:0,(anonymous_4)
FNDA:0,(anonymous_5)
FNDA:1,(anonymous_6)
FNDA:15,(anonymous_7)
FNDA:2,(anonymous_8)
DA:2,10
DA:5,10
DA:7,2
DA:8,0
DA:9,0
DA:11,2
DA:12,2
DA:13,2
DA:15,0
DA:19,31
DA:20,31
DA:21,31
DA:22,31
DA:24,0
DA:29,2
DA:30,2
DA:31,2
DA:33,0
DA:38,1
DA:39,1
DA:40,1
DA:41,0
DA:43,1
DA:48,0
DA:49,0
DA:50,0
DA:51,0
DA:52,0
DA:54,0
DA:59,0
DA:60,0
DA:61,0
DA:62,0
DA:64,0
DA:71,1
DA:72,1
DA:73,1
DA:74,1
DA:76,0
DA:81,15
DA:82,15
DA:83,15
DA:85,15
DA:86,13
DA:88,2
DA:89,0
DA:90,0
DA:92,2
DA:93,1
DA:94,1
DA:96,1
DA:101,2
DA:102,2
DA:103,2
DA:105,2
DA:106,1
DA:108,1
DA:109,0
DA:110,0
DA:112,1
DA:113,1
DA:114,1
DA:116,0
LF:63
LH:40
BRDA:7,0,0,0
BRDA:7,0,1,2
BRDA:7,1,0,2
BRDA:7,1,1,2
BRDA:11,2,0,2
BRDA:11,2,1,0
BRDA:11,3,0,2
BRDA:11,3,1,2
BRDA:88,4,0,0
BRDA:88,4,1,2
BRDA:88,5,0,2
BRDA:88,5,1,2
BRDA:92,6,0,1
BRDA:92,6,1,1
BRDA:92,7,0,2
BRDA:92,7,1,2
BRDA:108,8,0,0
BRDA:108,8,1,1
BRDA:108,9,0,1
BRDA:108,9,1,1
BRDA:112,10,0,1
BRDA:112,10,1,0
BRDA:112,11,0,1
BRDA:112,11,1,1
BRF:24
BRH:19
end_of_record
TN:
SF:src\middleware\errorHandler.ts
FN:8,(anonymous_0)
FNF:1
FNH:1
FNDA:1,(anonymous_0)
DA:8,10
DA:14,1
DA:15,1
DA:18,1
DA:19,1
DA:21,1
DA:23,1
DA:24,1
DA:27,1
LF:9
LH:9
BRDA:14,0,0,1
BRDA:14,0,1,0
BRDA:15,1,0,1
BRDA:15,1,1,0
BRDA:19,2,0,0
BRDA:19,2,1,1
BRDA:19,3,0,1
BRDA:19,3,1,0
BRDA:23,4,0,1
BRDA:23,4,1,0
BRDA:23,5,0,1
BRDA:23,5,1,1
BRDA:30,6,0,0
BRDA:30,6,1,1
BRF:14
BRH:8
end_of_record
TN:
SF:src\middleware\logger.ts
FN:3,(anonymous_0)
FN:6,(anonymous_1)
FNF:2
FNH:2
FNDA:1004,(anonymous_0)
FNDA:1004,(anonymous_1)
DA:3,1
DA:4,1004
DA:6,1004
DA:7,1004
DA:8,1004
DA:11,1004
LF:6
LH:6
BRF:0
BRH:0
end_of_record
TN:
SF:src\middleware\notFoundHandler.ts
FN:3,(anonymous_0)
FNF:1
FNH:0
FNDA:0,(anonymous_0)
DA:3,10
DA:4,0
LF:2
LH:1
BRF:0
BRH:0
end_of_record
TN:
SF:src\middleware\requireAuth.ts
FN:9,(anonymous_1)
FNF:1
FNH:1
FNDA:99,(anonymous_1)
DA:2,10
DA:3,10
DA:9,10
DA:10,99
DA:12,99
DA:13,2
DA:14,2
DA:17,97
DA:19,97
DA:20,97
DA:23,96
DA:24,96
DA:26,1
LF:13
LH:13
BRDA:12,0,0,2
BRDA:12,0,1,97
BRDA:12,1,0,99
BRDA:12,1,1,97
BRF:4
BRH:4
end_of_record
TN:
SF:src\middleware\requireRole.ts
FN:4,(anonymous_1)
FN:5,(anonymous_2)
FNF:2
FNH:0
FNDA:0,(anonymous_1)
FNDA:0,(anonymous_2)
DA:2,0
DA:4,0
DA:5,0
DA:6,0
DA:7,0
DA:8,0
DA:9,0
DA:12,0
DA:14,0
DA:15,0
DA:16,0
DA:19,0
DA:20,0
DA:21,0
DA:27,0
DA:29,0
LF:16
LH:0
BRDA:7,0,0,0
BRDA:7,0,1,0
BRDA:7,1,0,0
BRDA:7,1,1,0
BRDA:14,2,0,0
BRDA:14,2,1,0
BRDA:19,3,0,0
BRDA:19,3,1,0
BRF:8
BRH:0
end_of_record
TN:
SF:src\middleware\validateRequest.ts
FN:10,(anonymous_0)
FN:11,(anonymous_1)
FN:28,(anonymous_2)
FNF:3
FNH:3
FNDA:360,(anonymous_0)
FNDA:1223,(anonymous_1)
FNDA:2002,(anonymous_2)
DA:2,10
DA:10,10
DA:11,360
DA:12,1223
DA:13,1223
DA:14,1210
DA:16,222
DA:17,0
DA:19,222
DA:20,54
DA:22,222
DA:24,1001
DA:25,1001
DA:28,2002
DA:34,1001
DA:36,0
LF:16
LH:14
BRDA:13,0,0,1210
BRDA:13,0,1,13
BRDA:16,1,0,0
BRDA:16,1,1,222
BRDA:19,2,0,54
BRDA:19,2,1,168
BRDA:24,3,0,1001
BRDA:24,3,1,0
BRF:8
BRH:6
end_of_record
TN:
SF:src\models\Activity.ts
FNF:0
FNH:0
DA:1,10
DA:14,10
DA:49,10
DA:51,10
LF:4
LH:4
BRF:0
BRH:0
end_of_record
TN:
SF:src\models\Comment.ts
FNF:0
FNH:0
DA:1,10
DA:14,10
DA:47,10
DA:49,10
LF:4
LH:4
BRF:0
BRH:0
end_of_record
TN:
SF:src\models\Discussion.ts
FNF:0
FNH:0
DA:1,10
DA:14,10
DA:48,10
DA:50,10
LF:4
LH:4
BRF:0
BRH:0
end_of_record
TN:
SF:src\models\Meeting.ts
FNF:0
FNH:0
DA:1,10
DA:19,10
DA:71,10
DA:72,10
DA:74,10
LF:5
LH:5
BRF:0
BRH:0
end_of_record
TN:
SF:src\models\Notification.ts
FNF:0
FNH:0
DA:1,10
DA:17,10
DA:59,10
DA:60,10
DA:62,10
LF:5
LH:5
BRF:0
BRH:0
end_of_record
TN:
SF:src\models\Project.ts
FNF:0
FNH:0
DA:1,10
DA:14,10
DA:51,10
LF:3
LH:3
BRF:0
BRH:0
end_of_record
TN:
SF:src\models\Task.ts
FNF:0
FNH:0
DA:1,10
DA:16,10
DA:58,10
LF:3
LH:3
BRF:0
BRH:0
end_of_record
TN:
SF:src\models\User.ts
FNF:0
FNH:0
DA:1,10
DA:12,10
DA:42,10
LF:3
LH:3
BRF:0
BRH:0
end_of_record
TN:
SF:src\models\Workspace.ts
FNF:0
FNH:0
DA:1,10
DA:17,10
DA:31,10
DA:57,10
LF:4
LH:4
BRF:0
BRH:0
end_of_record
TN:
SF:src\routes\activity.ts
FN:10,(anonymous_1)
FNF:1
FNH:1
FNDA:1,(anonymous_1)
DA:1,10
DA:2,10
DA:3,10
DA:4,10
DA:5,10
DA:7,10
DA:9,10
DA:10,1
DA:15,10
DA:17,10
LF:10
LH:10
BRF:0
BRH:0
end_of_record
TN:
SF:src\routes\auth.ts
FNF:0
FNH:0
DA:1,10
DA:2,10
DA:3,10
DA:4,10
DA:5,10
DA:7,10
DA:9,10
DA:12,10
DA:20,10
DA:26,10
DA:31,10
DA:32,10
DA:34,10
LF:13
LH:13
BRDA:14,0,0,10
BRDA:14,0,1,0
BRF:2
BRH:1
end_of_record
TN:
SF:src\routes\comment.ts
FN:18,(anonymous_1)
FN:19,(anonymous_2)
FN:20,(anonymous_3)
FN:24,(anonymous_4)
FN:25,(anonymous_5)
FN:26,(anonymous_6)
FN:27,(anonymous_7)
FNF:7
FNH:3
FNDA:2,(anonymous_1)
FNDA:2,(anonymous_2)
FNDA:2,(anonymous_3)
FNDA:0,(anonymous_4)
FNDA:0,(anonymous_5)
FNDA:0,(anonymous_6)
FNDA:0,(anonymous_7)
DA:1,10
DA:2,10
DA:3,10
DA:4,10
DA:5,10
DA:7,10
DA:9,10
DA:13,10
DA:17,10
DA:18,2
DA:19,2
DA:20,2
DA:23,10
DA:24,0
DA:25,0
DA:26,0
DA:27,0
DA:30,10
DA:31,10
DA:32,10
DA:33,10
DA:35,10
LF:22
LH:18
BRF:0
BRH:0
end_of_record
TN:
SF:src\routes\discussion.ts
FN:21,(anonymous_1)
FN:24,(anonymous_2)
FN:27,(anonymous_3)
FN:33,(anonymous_4)
FN:36,(anonymous_5)
FNF:5
FNH:2
FNDA:0,(anonymous_1)
FNDA:0,(anonymous_2)
FNDA:0,(anonymous_3)
FNDA:2,(anonymous_4)
FNDA:2,(anonymous_5)
DA:1,10
DA:2,10
DA:3,10
DA:4,10
DA:5,10
DA:6,10
DA:8,10
DA:10,10
DA:15,10
DA:20,10
DA:21,0
DA:24,0
DA:27,0
DA:32,10
DA:33,2
DA:36,2
DA:41,10
DA:42,10
DA:43,10
DA:44,10
DA:45,10
DA:47,10
DA:49,10
LF:23
LH:20
BRF:0
BRH:0
end_of_record
TN:
SF:src\routes\health.ts
FN:7,(anonymous_1)
FN:17,(anonymous_2)
FNF:2
FNH:1
FNDA:2,(anonymous_1)
FNDA:0,(anonymous_2)
DA:1,10
DA:2,10
DA:4,10
DA:7,10
DA:8,2
DA:17,10
DA:19,0
DA:20,0
DA:22,0
DA:31,10
LF:10
LH:7
BRDA:20,0,0,0
BRDA:20,0,1,0
BRDA:22,1,0,0
BRDA:22,1,1,0
BRDA:23,2,0,0
BRDA:23,2,1,0
BRF:6
BRH:0
end_of_record
TN:
SF:src\routes\index.ts
FNF:0
FNH:0
DA:1,10
DA:2,10
DA:3,10
DA:4,10
DA:5,10
DA:6,10
DA:7,10
DA:9,10
DA:12,10
DA:13,10
DA:14,10
DA:15,10
DA:16,10
DA:18,10
LF:14
LH:14
BRF:0
BRH:0
end_of_record
TN:
SF:src\routes\meeting.ts
FN:12,(anonymous_1)
FN:13,(anonymous_2)
FN:14,(anonymous_3)
FN:15,(anonymous_4)
FN:22,(anonymous_5)
FN:23,(anonymous_6)
FN:24,(anonymous_7)
FN:26,(anonymous_8)
FN:31,(anonymous_9)
FN:32,(anonymous_10)
FNF:10
FNH:4
FNDA:0,(anonymous_1)
FNDA:2,(anonymous_2)
FNDA:2,(anonymous_3)
FNDA:3,(anonymous_4)
FNDA:0,(anonymous_5)
FNDA:0,(anonymous_6)
FNDA:0,(anonymous_7)
FNDA:0,(anonymous_8)
FNDA:2,(anonymous_9)
FNDA:0,(anonymous_10)
DA:1,10
DA:2,10
DA:3,10
DA:4,10
DA:5,10
DA:7,10
DA:9,10
DA:12,0
DA:13,2
DA:14,2
DA:15,3
DA:19,10
DA:22,0
DA:23,0
DA:24,0
DA:26,0
DA:30,10
DA:31,2
DA:32,0
DA:35,10
DA:36,10
DA:37,10
DA:38,10
DA:39,10
DA:41,10
LF:25
LH:19
BRDA:23,0,0,0
BRDA:23,0,1,0
BRDA:24,1,0,0
BRDA:24,1,1,0
BRF:4
BRH:0
end_of_record
TN:
SF:src\routes\notification.ts
FN:10,(anonymous_1)
FNF:1
FNH:1
FNDA:2,(anonymous_1)
DA:1,10
DA:2,10
DA:3,10
DA:4,10
DA:5,10
DA:7,10
DA:9,10
DA:10,2
DA:15,10
DA:16,10
DA:17,10
DA:18,10
DA:20,10
LF:13
LH:13
BRF:0
BRH:0
end_of_record
TN:
SF:src\routes\project.ts
FN:18,(anonymous_1)
FN:25,(anonymous_2)
FN:29,(anonymous_3)
FN:32,(anonymous_4)
FN:38,(anonymous_5)
FNF:5
FNH:5
FNDA:13,(anonymous_1)
FNDA:1,(anonymous_2)
FNDA:5,(anonymous_3)
FNDA:5,(anonymous_4)
FNDA:14,(anonymous_5)
DA:1,10
DA:2,10
DA:3,10
DA:4,10
DA:5,10
DA:7,10
DA:8,10
DA:11,10
DA:14,10
DA:18,13
DA:21,10
DA:25,1
DA:28,10
DA:29,5
DA:32,5
DA:37,10
DA:38,14
DA:43,10
DA:44,10
DA:45,10
DA:46,10
DA:47,10
DA:50,10
DA:51,10
DA:53,10
LF:25
LH:25
BRDA:18,0,0,0
BRDA:18,0,1,13
BRDA:25,1,0,0
BRDA:25,1,1,1
BRF:4
BRH:2
end_of_record
TN:
SF:src\routes\task.ts
FN:13,(anonymous_1)
FN:18,(anonymous_2)
FN:24,(anonymous_3)
FN:29,(anonymous_4)
FN:33,(anonymous_5)
FN:36,(anonymous_6)
FN:39,(anonymous_7)
FN:45,(anonymous_8)
FNF:8
FNH:6
FNDA:0,(anonymous_1)
FNDA:4,(anonymous_2)
FNDA:1,(anonymous_3)
FNDA:2,(anonymous_4)
FNDA:7,(anonymous_5)
FNDA:7,(anonymous_6)
FNDA:0,(anonymous_7)
FNDA:3,(anonymous_8)
DA:1,10
DA:2,10
DA:3,10
DA:4,10
DA:5,10
DA:8,10
DA:10,10
DA:13,0
DA:18,4
DA:21,10
DA:24,1
DA:29,2
DA:32,10
DA:33,7
DA:36,7
DA:39,0
DA:44,10
DA:45,3
DA:50,10
DA:51,10
DA:52,10
DA:53,10
DA:54,10
DA:56,10
LF:24
LH:22
BRDA:18,0,0,0
BRDA:18,0,1,4
BRDA:29,1,0,0
BRDA:29,1,1,2
BRF:4
BRH:2
end_of_record
TN:
SF:src\routes\user.ts
FNF:0
FNH:0
DA:1,10
DA:2,10
DA:3,10
DA:5,10
DA:8,10
DA:10,10
LF:6
LH:6
BRF:0
BRH:0
end_of_record
TN:
SF:src\routes\workspace.ts
FN:26,(anonymous_1)
FN:32,(anonymous_2)
FN:38,(anonymous_3)
FN:41,(anonymous_4)
FNF:4
FNH:4
FNDA:17,(anonymous_1)
FNDA:15,(anonymous_2)
FNDA:2,(anonymous_3)
FNDA:2,(anonymous_4)
DA:1,10
DA:2,10
DA:3,10
DA:4,10
DA:5,10
DA:6,10
DA:8,10
DA:9,10
DA:10,10
DA:12,10
DA:15,10
DA:20,10
DA:25,10
DA:26,17
DA:31,10
DA:32,15
DA:37,10
DA:38,2
DA:41,2
DA:46,10
DA:48,10
DA:49,10
DA:50,10
DA:51,10
DA:52,10
DA:55,10
DA:56,10
DA:57,10
DA:60,10
DA:61,10
DA:62,10
DA:64,10
LF:32
LH:32
BRF:0
BRH:0
end_of_record
TN:
SF:src\services\activityService.ts
FN:25,(anonymous_1)
FN:49,(anonymous_2)
FN:67,(anonymous_3)
FN:71,(anonymous_4)
FN:80,(anonymous_5)
FNF:5
FNH:5
FNDA:67,(anonymous_1)
FNDA:1,(anonymous_2)
FNDA:1,(anonymous_3)
FNDA:1,(anonymous_4)
FNDA:1,(anonymous_5)
DA:1,10
DA:2,10
DA:3,10
DA:21,10
DA:33,67
DA:34,67
DA:42,67
DA:44,0
DA:50,1
DA:51,1
DA:68,1
DA:69,1
DA:71,1
DA:72,1
DA:75,1
DA:80,1
LF:16
LH:15
BRDA:69,0,0,0
BRDA:69,0,1,1
BRDA:72,1,0,0
BRDA:72,1,1,1
BRF:4
BRH:2
end_of_record
TN:
SF:src\services\authService.ts
FN:7,(anonymous_1)
FN:26,(anonymous_2)
FNF:2
FNH:2
FNDA:68,(anonymous_1)
FNDA:69,(anonymous_2)
DA:1,10
DA:2,10
DA:3,10
DA:4,10
DA:6,10
DA:8,68
DA:9,68
DA:10,1
DA:13,67
DA:14,67
DA:16,67
DA:22,67
DA:23,67
DA:27,69
DA:28,69
DA:29,1
DA:32,68
DA:33,68
DA:34,1
DA:37,67
DA:41,67
LF:21
LH:21
BRDA:9,0,0,1
BRDA:9,0,1,67
BRDA:28,1,0,1
BRDA:28,1,1,68
BRDA:33,2,0,1
BRDA:33,2,1,67
BRF:6
BRH:6
end_of_record
TN:
SF:src\services\commentService.ts
FN:25,(anonymous_1)
FN:53,(anonymous_2)
FN:57,(anonymous_3)
FN:80,(anonymous_4)
FN:115,(anonymous_5)
FN:130,(anonymous_6)
FN:133,(anonymous_7)
FN:180,(anonymous_8)
FNF:8
FNH:4
FNDA:1,(anonymous_1)
FNDA:2,(anonymous_2)
FNDA:3,(anonymous_3)
FNDA:2,(anonymous_4)
FNDA:0,(anonymous_5)
FNDA:0,(anonymous_6)
FNDA:0,(anonymous_7)
FNDA:0,(anonymous_8)
DA:1,10
DA:2,10
DA:3,10
DA:4,10
DA:5,10
DA:7,10
DA:24,10
DA:26,1
DA:28,1
DA:29,1
DA:30,1
DA:31,1
DA:37,0
DA:41,1
DA:54,2
DA:55,2
DA:57,3
DA:59,2
DA:63,2
DA:65,2
DA:70,2
DA:72,2
DA:87,2
DA:88,2
DA:89,1
DA:92,1
DA:100,1
DA:102,1
DA:111,1
DA:112,1
DA:121,0
DA:122,0
DA:123,0
DA:126,0
DA:130,0
DA:141,0
DA:142,0
DA:143,0
DA:146,0
DA:151,0
DA:152,0
DA:155,0
DA:156,0
DA:158,0
DA:159,0
DA:162,0
DA:163,0
DA:165,0
DA:167,0
DA:176,0
DA:177,0
DA:187,0
DA:189,0
DA:194,0
DA:195,0
DA:198,0
DA:199,0
DA:201,0
DA:202,0
DA:205,0
DA:207,0
LF:61
LH:29
BRDA:28,0,0,1
BRDA:28,0,1,0
BRDA:29,1,0,1
BRDA:29,1,1,0
BRDA:29,2,0,1
BRDA:29,2,1,1
BRDA:55,3,0,0
BRDA:55,3,1,2
BRDA:63,4,0,0
BRDA:63,4,1,2
BRDA:70,5,0,0
BRDA:70,5,1,2
BRDA:88,6,0,1
BRDA:88,6,1,1
BRDA:122,7,0,0
BRDA:122,7,1,0
BRDA:142,8,0,0
BRDA:142,8,1,0
BRDA:151,9,0,0
BRDA:151,9,1,0
BRDA:156,10,0,0
BRDA:156,10,1,0
BRDA:158,11,0,0
BRDA:158,11,1,0
BRDA:158,12,0,0
BRDA:158,12,1,0
BRDA:163,13,0,0
BRDA:163,13,1,0
BRDA:194,14,0,0
BRDA:194,14,1,0
BRDA:199,15,0,0
BRDA:199,15,1,0
BRDA:201,16,0,0
BRDA:201,16,1,0
BRDA:201,17,0,0
BRDA:201,17,1,0
BRF:36
BRH:9
end_of_record
TN:
SF:src\services\discussionService.ts
FN:24,(anonymous_1)
FN:52,(anonymous_2)
FN:56,(anonymous_3)
FN:72,(anonymous_4)
FN:106,(anonymous_5)
FN:122,(anonymous_6)
FN:125,(anonymous_7)
FN:143,(anonymous_8)
FN:190,(anonymous_9)
FNF:9
FNH:4
FNDA:2,(anonymous_1)
FNDA:2,(anonymous_2)
FNDA:2,(anonymous_3)
FNDA:2,(anonymous_4)
FNDA:0,(anonymous_5)
FNDA:0,(anonymous_6)
FNDA:0,(anonymous_7)
FNDA:0,(anonymous_8)
FNDA:0,(anonymous_9)
DA:1,10
DA:2,10
DA:3,10
DA:4,10
DA:6,10
DA:23,10
DA:25,2
DA:27,2
DA:28,2
DA:29,2
DA:30,2
DA:36,0
DA:40,2
DA:53,2
DA:54,2
DA:56,2
DA:58,2
DA:62,2
DA:64,2
DA:78,2
DA:79,2
DA:80,0
DA:83,2
DA:91,2
DA:93,2
DA:102,2
DA:103,2
DA:112,0
DA:113,0
DA:114,0
DA:117,0
DA:122,0
DA:126,0
DA:127,0
DA:128,0
DA:131,0
DA:136,0
DA:137,0
DA:140,0
DA:150,0
DA:151,0
DA:152,0
DA:155,0
DA:160,0
DA:161,0
DA:164,0
DA:165,0
DA:167,0
DA:168,0
DA:171,0
DA:172,0
DA:173,0
DA:175,0
DA:177,0
DA:186,0
DA:187,0
DA:191,0
DA:193,0
DA:198,0
DA:199,0
DA:202,0
DA:203,0
DA:205,0
DA:206,0
DA:209,0
DA:211,0
LF:66
LH:25
BRDA:27,0,0,2
BRDA:27,0,1,0
BRDA:28,1,0,2
BRDA:28,1,1,0
BRDA:28,2,0,2
BRDA:28,2,1,2
BRDA:54,3,0,0
BRDA:54,3,1,2
BRDA:62,4,0,0
BRDA:62,4,1,2
BRDA:79,5,0,0
BRDA:79,5,1,2
BRDA:110,6,0,0
BRDA:113,7,0,0
BRDA:113,7,1,0
BRDA:127,8,0,0
BRDA:127,8,1,0
BRDA:136,9,0,0
BRDA:136,9,1,0
BRDA:151,10,0,0
BRDA:151,10,1,0
BRDA:160,11,0,0
BRDA:160,11,1,0
BRDA:165,12,0,0
BRDA:165,12,1,0
BRDA:167,13,0,0
BRDA:167,13,1,0
BRDA:167,14,0,0
BRDA:167,14,1,0
BRDA:172,15,0,0
BRDA:172,15,1,0
BRDA:173,16,0,0
BRDA:173,16,1,0
BRDA:198,17,0,0
BRDA:198,17,1,0
BRDA:203,18,0,0
BRDA:203,18,1,0
BRDA:205,19,0,0
BRDA:205,19,1,0
BRDA:205,20,0,0
BRDA:205,20,1,0
BRF:41
BRH:7
end_of_record
TN:
SF:src\services\meetingService.ts
FN:25,(anonymous_7)
FN:26,(anonymous_8)
FN:50,(anonymous_9)
FN:54,(anonymous_10)
FN:73,(anonymous_11)
FN:76,(anonymous_12)
FN:81,(anonymous_13)
FN:84,(anonymous_14)
FN:137,(anonymous_15)
FN:157,(anonymous_16)
FN:172,(anonymous_17)
FN:175,(anonymous_18)
FN:195,(anonymous_19)
FN:268,(anonymous_20)
FN:300,(anonymous_21)
FNF:15
FNH:5
FNDA:0,(anonymous_7)
FNDA:0,(anonymous_8)
FNDA:2,(anonymous_9)
FNDA:2,(anonymous_10)
FNDA:1,(anonymous_11)
FNDA:2,(anonymous_12)
FNDA:0,(anonymous_13)
FNDA:2,(anonymous_14)
FNDA:0,(anonymous_15)
FNDA:0,(anonymous_16)
FNDA:0,(anonymous_17)
FNDA:0,(anonymous_18)
FNDA:0,(anonymous_19)
FNDA:0,(anonymous_20)
FNDA:0,(anonymous_21)
DA:1,10
DA:2,10
DA:3,10
DA:4,10
DA:6,10
DA:24,10
DA:26,0
DA:27,0
DA:28,0
DA:30,0
DA:33,0
DA:51,2
DA:52,2
DA:54,2
DA:56,2
DA:57,2
DA:58,0
DA:62,0
DA:65,2
DA:74,1
DA:75,1
DA:76,2
DA:77,2
DA:78,1
DA:81,0
DA:97,2
DA:98,2
DA:99,0
DA:102,2
DA:103,1
DA:106,1
DA:107,1
DA:108,0
DA:111,1
DA:113,0
DA:126,0
DA:128,0
DA:137,0
DA:138,0
DA:139,0
DA:140,0
DA:152,0
DA:153,0
DA:154,0
DA:158,0
DA:159,0
DA:160,0
DA:163,0
DA:164,0
DA:165,0
DA:167,0
DA:172,0
DA:176,0
DA:177,0
DA:178,0
DA:181,0
DA:188,0
DA:189,0
DA:192,0
DA:210,0
DA:211,0
DA:212,0
DA:215,0
DA:220,0
DA:221,0
DA:224,0
DA:225,0
DA:226,0
DA:229,0
DA:230,0
DA:231,0
DA:233,0
DA:234,0
DA:235,0
DA:238,0
DA:239,0
DA:240,0
DA:241,0
DA:244,0
DA:246,0
DA:247,0
DA:248,0
DA:249,0
DA:251,0
DA:252,0
DA:255,0
DA:257,0
DA:259,0
DA:268,0
DA:269,0
DA:270,0
DA:271,0
DA:272,0
DA:282,0
DA:295,0
DA:296,0
DA:297,0
DA:301,0
DA:302,0
DA:303,0
DA:306,0
DA:311,0
DA:312,0
DA:315,0
DA:316,0
DA:317,0
DA:320,0
DA:322,0
LF:108
LH:24
BRDA:27,0,0,0
BRDA:27,0,1,0
BRDA:27,1,0,0
BRDA:27,1,1,0
BRDA:27,1,2,0
BRDA:30,2,0,0
BRDA:30,2,1,0
BRDA:52,3,0,0
BRDA:52,3,1,2
BRDA:57,4,0,0
BRDA:57,4,1,2
BRDA:62,5,0,0
BRDA:62,5,1,0
BRDA:77,6,0,1
BRDA:77,6,1,1
BRDA:98,7,0,0
BRDA:98,7,1,2
BRDA:102,8,0,1
BRDA:102,8,1,1
BRDA:107,9,0,0
BRDA:107,9,1,1
BRDA:115,10,0,0
BRDA:115,10,1,0
BRDA:139,11,0,0
BRDA:139,11,1,0
BRDA:159,12,0,0
BRDA:159,12,1,0
BRDA:164,13,0,0
BRDA:164,13,1,0
BRDA:165,14,0,0
BRDA:165,14,1,0
BRDA:177,15,0,0
BRDA:177,15,1,0
BRDA:188,16,0,0
BRDA:188,16,1,0
BRDA:211,17,0,0
BRDA:211,17,1,0
BRDA:220,18,0,0
BRDA:220,18,1,0
BRDA:225,19,0,0
BRDA:225,19,1,0
BRDA:225,20,0,0
BRDA:225,20,1,0
BRDA:230,21,0,0
BRDA:230,21,1,0
BRDA:231,22,0,0
BRDA:231,22,1,0
BRDA:233,23,0,0
BRDA:233,23,1,0
BRDA:234,24,0,0
BRDA:234,24,1,0
BRDA:238,25,0,0
BRDA:238,25,1,0
BRDA:239,26,0,0
BRDA:239,26,1,0
BRDA:240,27,0,0
BRDA:240,27,1,0
BRDA:244,28,0,0
BRDA:244,28,1,0
BRDA:246,29,0,0
BRDA:246,29,1,0
BRDA:248,30,0,0
BRDA:248,30,1,0
BRDA:255,31,0,0
BRDA:255,31,1,0
BRDA:270,32,0,0
BRDA:270,32,1,0
BRDA:271,33,0,0
BRDA:271,33,1,0
BRDA:302,34,0,0
BRDA:302,34,1,0
BRDA:311,35,0,0
BRDA:311,35,1,0
BRDA:316,36,0,0
BRDA:316,36,1,0
BRDA:316,37,0,0
BRDA:316,37,1,0
BRF:77
BRH:8
end_of_record
TN:
SF:src\services\notificationService.ts
FN:17,(anonymous_1)
FN:34,(anonymous_2)
FN:61,(anonymous_3)
FN:71,(anonymous_4)
FN:74,(anonymous_5)
FN:90,(anonymous_6)
FN:97,(anonymous_7)
FNF:7
FNH:6
FNDA:7,(anonymous_1)
FNDA:19,(anonymous_2)
FNDA:7,(anonymous_3)
FNDA:7,(anonymous_4)
FNDA:1,(anonymous_5)
FNDA:0,(anonymous_6)
FNDA:1,(anonymous_7)
DA:1,10
DA:2,10
DA:16,10
DA:18,7
DA:43,19
DA:44,19
DA:54,19
DA:56,0
DA:62,7
DA:63,7
DA:64,0
DA:67,7
DA:71,7
DA:75,1
DA:80,1
DA:81,1
DA:84,0
DA:85,0
DA:87,0
DA:91,0
DA:98,1
DA:103,1
DA:104,1
DA:107,0
LF:24
LH:17
BRDA:51,0,0,6
BRDA:51,0,1,13
BRDA:61,1,0,0
BRDA:61,2,0,0
BRDA:63,3,0,0
BRDA:63,3,1,7
BRDA:80,4,0,1
BRDA:80,4,1,0
BRDA:103,5,0,1
BRDA:103,5,1,0
BRF:10
BRH:5
end_of_record
TN:
SF:src\services\projectService.ts
FN:22,(anonymous_1)
FN:40,(anonymous_2)
FN:46,(anonymous_3)
FN:53,(anonymous_4)
FN:86,(anonymous_5)
FN:93,(anonymous_6)
FN:96,(anonymous_7)
FN:114,(anonymous_8)
FN:159,(anonymous_9)
FNF:9
FNH:8
FNDA:14,(anonymous_1)
FNDA:19,(anonymous_2)
FNDA:25,(anonymous_3)
FNDA:13,(anonymous_4)
FNDA:1,(anonymous_5)
FNDA:0,(anonymous_6)
FNDA:2,(anonymous_7)
FNDA:1,(anonymous_8)
FNDA:2,(anonymous_9)
DA:1,10
DA:2,10
DA:3,10
DA:4,10
DA:18,10
DA:23,14
DA:41,19
DA:42,19
DA:43,0
DA:46,25
DA:47,19
DA:58,13
DA:59,13
DA:60,0
DA:63,13
DA:72,13
DA:74,13
DA:83,13
DA:87,1
DA:88,1
DA:89,1
DA:92,0
DA:93,0
DA:97,2
DA:98,2
DA:99,0
DA:102,2
DA:107,2
DA:108,1
DA:111,1
DA:120,1
DA:121,1
DA:122,0
DA:125,1
DA:130,1
DA:131,0
DA:134,1
DA:135,1
DA:136,1
DA:139,0
DA:140,0
DA:141,0
DA:142,0
DA:143,0
DA:145,0
DA:147,0
DA:156,0
DA:160,2
DA:161,2
DA:162,0
DA:165,2
DA:170,2
DA:171,0
DA:174,2
DA:175,2
DA:176,1
DA:179,1
DA:181,1
LF:58
LH:41
BRDA:42,0,0,0
BRDA:42,0,1,19
BRDA:59,1,0,0
BRDA:59,1,1,13
BRDA:68,2,0,13
BRDA:68,2,1,13
BRDA:88,3,0,1
BRDA:88,3,1,0
BRDA:98,4,0,0
BRDA:98,4,1,2
BRDA:107,5,0,1
BRDA:107,5,1,1
BRDA:121,6,0,0
BRDA:121,6,1,1
BRDA:130,7,0,0
BRDA:130,7,1,1
BRDA:135,8,0,1
BRDA:135,8,1,0
BRDA:135,9,0,1
BRDA:135,9,1,1
BRDA:140,10,0,0
BRDA:140,10,1,0
BRDA:141,11,0,0
BRDA:141,11,1,0
BRDA:142,12,0,0
BRDA:142,12,1,0
BRDA:143,13,0,0
BRDA:143,13,1,0
BRDA:161,14,0,0
BRDA:161,14,1,2
BRDA:170,15,0,0
BRDA:170,15,1,2
BRDA:175,16,0,1
BRDA:175,16,1,1
BRDA:175,17,0,2
BRDA:175,17,1,2
BRF:36
BRH:19
end_of_record
TN:
SF:src\services\taskService.ts
FN:29,(anonymous_7)
FN:69,(anonymous_8)
FN:73,(anonymous_9)
FN:89,(anonymous_10)
FN:103,(anonymous_11)
FN:132,(anonymous_12)
FN:149,(anonymous_13)
FN:172,(anonymous_14)
FN:175,(anonymous_15)
FN:193,(anonymous_16)
FN:232,(anonymous_17)
FN:265,(anonymous_18)
FN:281,(anonymous_19)
FNF:13
FNH:7
FNDA:5,(anonymous_7)
FNDA:7,(anonymous_8)
FNDA:8,(anonymous_9)
FNDA:4,(anonymous_10)
FNDA:0,(anonymous_11)
FNDA:0,(anonymous_12)
FNDA:0,(anonymous_13)
FNDA:0,(anonymous_14)
FNDA:1,(anonymous_15)
FNDA:2,(anonymous_16)
FNDA:1,(anonymous_17)
FNDA:0,(anonymous_18)
FNDA:0,(anonymous_19)
DA:1,10
DA:2,10
DA:3,10
DA:4,10
DA:6,10
DA:25,10
DA:30,5
DA:32,5
DA:33,0
DA:35,0
DA:36,0
DA:43,0
DA:51,5
DA:70,7
DA:71,7
DA:73,8
DA:75,7
DA:79,7
DA:81,6
DA:95,4
DA:96,4
DA:97,0
DA:102,4
DA:103,0
DA:104,0
DA:105,0
DA:107,0
DA:110,4
DA:120,4
DA:122,4
DA:131,4
DA:132,0
DA:133,0
DA:145,4
DA:146,4
DA:155,0
DA:156,0
DA:157,0
DA:160,0
DA:161,0
DA:162,0
DA:163,0
DA:164,0
DA:165,0
DA:167,0
DA:171,0
DA:172,0
DA:176,1
DA:177,0
DA:178,0
DA:181,0
DA:186,0
DA:187,0
DA:190,0
DA:200,2
DA:201,2
DA:202,0
DA:205,2
DA:210,2
DA:211,0
DA:214,2
DA:215,2
DA:216,2
DA:219,2
DA:221,2
DA:222,2
DA:223,2
DA:224,2
DA:227,2
DA:228,1
DA:229,0
DA:230,0
DA:232,1
DA:233,1
DA:234,1
DA:236,0
DA:237,0
DA:241,1
DA:243,0
DA:245,0
DA:246,0
DA:248,0
DA:250,0
DA:253,1
DA:255,1
DA:264,1
DA:265,0
DA:266,0
DA:277,1
DA:278,1
DA:282,0
DA:285,0
DA:286,0
DA:289,0
DA:294,0
DA:295,0
DA:298,0
DA:300,0
LF:98
LH:48
BRDA:32,0,0,0
BRDA:32,0,1,5
BRDA:33,1,0,0
BRDA:33,1,1,0
BRDA:33,2,0,0
BRDA:33,2,1,0
BRDA:71,3,0,0
BRDA:71,3,1,7
BRDA:79,4,0,1
BRDA:79,4,1,6
BRDA:96,5,0,0
BRDA:96,5,1,4
BRDA:102,6,0,0
BRDA:102,6,1,4
BRDA:104,7,0,0
BRDA:104,7,1,0
BRDA:115,8,0,4
BRDA:115,8,1,4
BRDA:116,9,0,4
BRDA:116,9,1,4
BRDA:131,10,0,0
BRDA:131,10,1,4
BRDA:131,11,0,4
BRDA:131,11,1,0
BRDA:156,12,0,0
BRDA:156,12,1,0
BRDA:161,13,0,0
BRDA:161,13,1,0
BRDA:162,14,0,0
BRDA:162,14,1,0
BRDA:163,15,0,0
BRDA:163,15,1,0
BRDA:164,16,0,0
BRDA:164,16,1,0
BRDA:177,17,0,0
BRDA:177,17,1,0
BRDA:186,18,0,0
BRDA:186,18,1,0
BRDA:201,19,0,0
BRDA:201,19,1,2
BRDA:210,20,0,0
BRDA:210,20,1,2
BRDA:215,21,0,2
BRDA:215,21,1,0
BRDA:219,22,0,2
BRDA:219,22,1,0
BRDA:221,23,0,0
BRDA:221,23,1,2
BRDA:222,24,0,0
BRDA:222,24,1,2
BRDA:223,25,0,0
BRDA:223,25,1,2
BRDA:224,26,0,0
BRDA:224,26,1,2
BRDA:227,27,0,1
BRDA:227,27,1,1
BRDA:228,28,0,0
BRDA:228,28,1,1
BRDA:233,29,0,1
BRDA:233,29,1,0
BRDA:241,30,0,0
BRDA:241,30,1,1
BRDA:243,31,0,0
BRDA:243,31,1,0
BRDA:245,32,0,0
BRDA:245,32,1,0
BRDA:245,33,0,0
BRDA:245,33,1,0
BRDA:245,33,2,0
BRDA:245,33,3,0
BRDA:245,33,4,0
BRDA:248,34,0,0
BRDA:248,34,1,0
BRDA:264,35,0,0
BRDA:264,35,1,1
BRDA:264,36,0,1
BRDA:264,36,1,0
BRDA:285,37,0,0
BRDA:285,37,1,0
BRDA:285,38,0,0
BRDA:285,38,1,0
BRDA:294,39,0,0
BRDA:294,39,1,0
BRF:83
BRH:27
end_of_record
TN:
SF:src\services\userService.ts
FN:17,(anonymous_1)
FN:31,(anonymous_2)
FNF:2
FNH:2
FNDA:2,(anonymous_1)
FNDA:2,(anonymous_2)
DA:1,10
DA:12,10
DA:18,2
DA:32,2
DA:33,2
DA:34,0
DA:37,2
LF:7
LH:6
BRDA:33,0,0,0
BRDA:33,0,1,2
BRF:2
BRH:1
end_of_record
TN:
SF:src\services\workspaceService.ts
FN:21,(anonymous_7)
FN:33,(anonymous_8)
FN:56,(anonymous_9)
FN:58,(anonymous_10)
FN:64,(anonymous_11)
FN:70,(anonymous_12)
FN:81,(anonymous_13)
FN:87,(anonymous_14)
FN:112,(anonymous_15)
FN:118,(anonymous_16)
FN:128,(anonymous_17)
FN:132,(anonymous_18)
FN:135,(anonymous_19)
FN:146,(anonymous_20)
FN:150,(anonymous_21)
FN:157,(anonymous_22)
FN:173,(anonymous_23)
FN:184,(anonymous_24)
FN:188,(anonymous_25)
FN:191,(anonymous_26)
FNF:20
FNH:16
FNDA:32,(anonymous_7)
FNDA:31,(anonymous_8)
FNDA:2,(anonymous_9)
FNDA:1,(anonymous_10)
FNDA:1,(anonymous_11)
FNDA:1,(anonymous_12)
FNDA:0,(anonymous_13)
FNDA:0,(anonymous_14)
FNDA:0,(anonymous_15)
FNDA:0,(anonymous_16)
FNDA:1,(anonymous_17)
FNDA:1,(anonymous_18)
FNDA:1,(anonymous_19)
FNDA:15,(anonymous_20)
FNDA:16,(anonymous_21)
FNDA:15,(anonymous_22)
FNDA:13,(anonymous_23)
FNDA:2,(anonymous_24)
FNDA:2,(anonymous_25)
FNDA:3,(anonymous_26)
DA:1,10
DA:2,10
DA:3,10
DA:4,10
DA:16,10
DA:22,32
DA:34,31
DA:41,31
DA:44,31
DA:53,31
DA:57,2
DA:58,2
DA:65,1
DA:66,1
DA:67,0
DA:70,1
DA:71,1
DA:72,1
DA:75,0
DA:82,0
DA:83,0
DA:84,0
DA:87,0
DA:88,0
DA:89,0
DA:92,0
DA:93,0
DA:95,0
DA:98,0
DA:106,0
DA:113,0
DA:114,0
DA:115,0
DA:118,0
DA:119,0
DA:120,0
DA:123,0
DA:129,1
DA:130,1
DA:132,1
DA:133,1
DA:135,1
DA:136,1
DA:137,1
DA:147,15
DA:148,15
DA:150,16
DA:151,15
DA:154,14
DA:155,14
DA:157,15
DA:158,14
DA:160,13
DA:161,13
DA:163,13
DA:172,13
DA:173,26
DA:174,13
DA:185,2
DA:186,2
DA:188,2
DA:189,2
DA:191,3
DA:192,2
DA:194,2
DA:195,1
DA:198,1
DA:199,1
DA:201,1
LF:69
LH:49
BRDA:66,0,0,0
BRDA:66,0,1,1
BRDA:71,1,0,1
BRDA:71,1,1,0
BRDA:83,2,0,0
BRDA:83,2,1,0
BRDA:88,3,0,0
BRDA:88,3,1,0
BRDA:88,4,0,0
BRDA:88,4,1,0
BRDA:92,5,0,0
BRDA:92,5,1,0
BRDA:93,6,0,0
BRDA:93,6,1,0
BRDA:114,7,0,0
BRDA:114,7,1,0
BRDA:119,8,0,0
BRDA:119,8,1,0
BRDA:119,9,0,0
BRDA:119,9,1,0
BRDA:130,10,0,0
BRDA:130,10,1,1
BRDA:133,11,0,0
BRDA:133,11,1,1
BRDA:148,12,0,0
BRDA:148,12,1,15
BRDA:151,13,0,1
BRDA:151,13,1,14
BRDA:151,14,0,15
BRDA:151,14,1,15
BRDA:155,15,0,0
BRDA:155,15,1,14
BRDA:158,16,0,1
BRDA:158,16,1,13
BRDA:172,17,0,13
BRDA:172,17,1,0
BRDA:186,18,0,0
BRDA:186,18,1,2
BRDA:189,19,0,0
BRDA:189,19,1,2
BRDA:189,20,0,2
BRDA:189,20,1,2
BRDA:192,21,0,0
BRDA:192,21,1,2
BRDA:194,22,0,1
BRDA:194,22,1,1
BRF:46
BRH:20
end_of_record
TN:
SF:src\types\express\index.d.ts
FNF:0
FNH:0
LF:0
LH:0
BRF:0
BRH:0
end_of_record
